#
# There is insufficient memory for the Java Runtime Environment to continue.
# Native memory allocation (mmap) failed to map 2097152 bytes for G1 virtual space
# Possible reasons:
#   The system is out of physical RAM or swap space
#   The process is running with CompressedOops enabled, and the Java Heap may be blocking the growth of the native heap
# Possible solutions:
#   Reduce memory load on the system
#   Increase physical memory or swap space
#   Check if swap backing store is full
#   Decrease Java heap size (-Xmx/-Xms)
#   Decrease number of Java threads
#   Decrease Java thread stack sizes (-Xss)
#   Set larger code cache with -XX:ReservedCodeCacheSize=
#   JVM is running with Zero Based Compressed Oops mode in which the Java heap is
#     placed in the first 32GB address space. The Java Heap base address is the
#     maximum limit for the native heap growth. Please use -XX:HeapBaseMinAddress
#     to set the Java Heap base and to place the Java Heap above 32GB virtual address.
# This output file may be truncated or incomplete.
#
#  Out of Memory Error (os_windows.cpp:3600), pid=7284, tid=23496
#
# JRE version: OpenJDK Runtime Environment Temurin-21.0.2+13 (21.0.2+13) (build 21.0.2+13-LTS)
# Java VM: OpenJDK 64-Bit Server VM Temurin-21.0.2+13 (21.0.2+13-LTS, mixed mode, sharing, tiered, compressed oops, compressed class ptrs, g1 gc, windows-amd64)
# No core dump will be written. Minidumps are not enabled by default on client versions of Windows
#

---------------  S U M M A R Y ------------

Command Line: --module-path=D:\JavaFX\javafx-sdk-22.0.1\lib --add-modules=javafx.controls,javafx.fxml -Dfile.encoding=UTF-8 -Dstdout.encoding=UTF-8 -Dstderr.encoding=UTF-8 --module-path=D:\JavaFX\javafx-sdk-22.0.1\lib\javafx.base.jar;D:\JavaFX\javafx-sdk-22.0.1\lib\javafx.controls.jar;D:\JavaFX\javafx-sdk-22.0.1\lib\javafx.fxml.jar;D:\JavaFX\javafx-sdk-22.0.1\lib\javafx.graphics.jar;D:\JavaFX\javafx-sdk-22.0.1\lib\javafx.media.jar;D:\JavaFX\javafx-sdk-22.0.1\lib\javafx.swing.jar;D:\JavaFX\javafx-sdk-22.0.1\lib\javafx.web.jar;D:\JavaFX\javafx-sdk-22.0.1\lib\javafx-swt.jar -XX:+ShowCodeDetailsInExceptionMessages Menu

Host: Intel(R) Core(TM) i7-8550U CPU @ 1.80GHz, 8 cores, 15G,  Windows 10 , 64 bit Build 19041 (10.0.19041.3636)
Time: Mon Jun 10 01:15:36 2024 SE Asia Standard Time elapsed time: 5.190475 seconds (0d 0h 0m 5s)

---------------  T H R E A D  ---------------

Current thread (0x0000021d57858200):  JavaThread "JavaFX Application Thread"        [_thread_in_vm, id=23496, stack(0x000000ae78800000,0x000000ae78900000) (1024K)]

Stack: [0x000000ae78800000,0x000000ae78900000]
Native frames: (J=compiled Java code, j=interpreted, Vv=VM code, C=native code)
V  [jvm.dll+0x6c94f9]
V  [jvm.dll+0x8a3c21]
V  [jvm.dll+0x8a614e]
V  [jvm.dll+0x8a6823]
V  [jvm.dll+0x27fa86]
V  [jvm.dll+0x6c5c75]
V  [jvm.dll+0x6ba96a]
V  [jvm.dll+0x35398a]
V  [jvm.dll+0x35b536]
V  [jvm.dll+0x3ac3bb]
V  [jvm.dll+0x3aca54]
V  [jvm.dll+0x3ac5c6]
V  [jvm.dll+0x327ffe]
V  [jvm.dll+0x32623f]
V  [jvm.dll+0x65a610]
V  [jvm.dll+0x23f162]
V  [jvm.dll+0x869797]
V  [jvm.dll+0x1a6ade]
C  0x0000021d075bfff1

The last pc belongs to new_type_array Runtime1 stub (printed below).
Java frames: (J=compiled Java code, j=interpreted, Vv=VM code)
v  ~RuntimeStub::new_type_array Runtime1 stub 0x0000021d075bfff1
J 1993 c1 java.nio.HeapByteBuffer.<init>(IILjava/lang/foreign/MemorySegment;)V java.base@21.0.2 (21 bytes) @ 0x0000021d00132f60 [0x0000021d00132dc0+0x00000000000001a0]
J 2066 c1 java.nio.ByteBuffer.allocate(I)Ljava/nio/ByteBuffer; java.base@21.0.2 (20 bytes) @ 0x0000021d000683ec [0x0000021d000682e0+0x000000000000010c]
j  com.sun.javafx.iio.png.PNGImageLoader2.load(IIIZZ)Lcom/sun/javafx/iio/ImageFrame;+134 javafx.graphics@22.0.1
j  com.sun.javafx.iio.ImageStorage.loadAll(Lcom/sun/javafx/iio/ImageLoader;DDZFZ)[Lcom/sun/javafx/iio/ImageFrame;+55 javafx.graphics@22.0.1
j  com.sun.javafx.iio.ImageStorage.loadAll(Ljava/lang/String;Lcom/sun/javafx/iio/ImageLoadListener;DDZFZ)[Lcom/sun/javafx/iio/ImageFrame;+399 javafx.graphics@22.0.1
j  com.sun.javafx.tk.quantum.PrismImageLoader2.loadAll(Ljava/lang/String;DDZFZ)V+25 javafx.graphics@22.0.1
j  com.sun.javafx.tk.quantum.PrismImageLoader2.<init>(Ljava/lang/String;DDZFZ)V+15 javafx.graphics@22.0.1
j  com.sun.javafx.tk.quantum.QuantumToolkit.loadImage(Ljava/lang/String;DDZZ)Lcom/sun/javafx/tk/ImageLoader;+16 javafx.graphics@22.0.1
j  javafx.scene.image.Image.loadImage(Ljava/lang/String;DDZZ)Lcom/sun/javafx/tk/ImageLoader;+10 javafx.graphics@22.0.1
j  javafx.scene.image.Image.initialize(Ljava/lang/Object;)V+92 javafx.graphics@22.0.1
j  javafx.scene.image.Image.<init>(Ljava/lang/String;)V+16 javafx.graphics@22.0.1
j  Menu.run(Ljavafx/scene/canvas/GraphicsContext;)V+17
j  Menu.lambda$0(Ljavafx/event/ActionEvent;)V+5
j  Menu$$Lambda+0x0000021d13152708.handle(Ljavafx/event/Event;)V+8
j  com.sun.scenario.animation.shared.TimelineClipCore.visitKeyFrame(IJ)V+58 javafx.graphics@22.0.1
j  com.sun.scenario.animation.shared.TimelineClipCore.playTo(J)V+153 javafx.graphics@22.0.1
j  javafx.animation.Timeline.doPlayTo(JJ)V+5 javafx.graphics@22.0.1
j  javafx.animation.AnimationAccessorImpl.playTo(Ljavafx/animation/Animation;JJ)V+4 javafx.graphics@22.0.1
j  com.sun.scenario.animation.shared.InfiniteClipEnvelope.timePulse(J)V+161 javafx.graphics@22.0.1
j  javafx.animation.Animation.doTimePulse(J)V+13 javafx.graphics@22.0.1
j  javafx.animation.Animation$1.lambda$timePulse$0(J)Ljava/lang/Void;+5 javafx.graphics@22.0.1
j  javafx.animation.Animation$1$$Lambda+0x0000021d131d8860.run()Ljava/lang/Object;+8 javafx.graphics@22.0.1
J 1255 c1 java.security.AccessController.doPrivileged(Ljava/security/PrivilegedAction;Ljava/security/AccessControlContext;)Ljava/lang/Object; java.base@21.0.2 (17 bytes) @ 0x0000021d00219174 [0x0000021d00218f80+0x00000000000001f4]
j  javafx.animation.Animation$1.timePulse(J)V+51 javafx.graphics@22.0.1
j  com.sun.scenario.animation.AbstractPrimaryTimer.timePulseImpl(J)V+61 javafx.graphics@22.0.1
j  com.sun.scenario.animation.AbstractPrimaryTimer$MainLoop.run()V+41 javafx.graphics@22.0.1
j  com.sun.javafx.tk.quantum.QuantumToolkit.pulse(Z)V+76 javafx.graphics@22.0.1
j  com.sun.javafx.tk.quantum.QuantumToolkit.pulse()V+2 javafx.graphics@22.0.1
j  com.sun.javafx.tk.quantum.QuantumToolkit.pulseFromQueue()V+1 javafx.graphics@22.0.1
j  com.sun.javafx.tk.quantum.QuantumToolkit.lambda$runToolkit$11()V+1 javafx.graphics@22.0.1
j  com.sun.javafx.tk.quantum.QuantumToolkit$$Lambda+0x0000021d1303ca18.run()V+4 javafx.graphics@22.0.1
j  com.sun.glass.ui.InvokeLaterDispatcher$Future.run()V+4 javafx.graphics@22.0.1
v  ~StubRoutines::call_stub 0x0000021d0753100d
j  com.sun.glass.ui.win.WinApplication._runLoop(Ljava/lang/Runnable;)V+0 javafx.graphics@22.0.1
j  com.sun.glass.ui.win.WinApplication.lambda$runLoop$3(ILjava/lang/Runnable;)V+8 javafx.graphics@22.0.1
j  com.sun.glass.ui.win.WinApplication$$Lambda+0x0000021d13030fc8.run()V+12 javafx.graphics@22.0.1
j  java.lang.Thread.runWith(Ljava/lang/Object;Ljava/lang/Runnable;)V+5 java.base@21.0.2
j  java.lang.Thread.run()V+19 java.base@21.0.2
v  ~StubRoutines::call_stub 0x0000021d0753100d
--------------------------------------------------------------------------------
Decoding CodeBlob, name: new_type_array Runtime1 stub, at  [0x0000021d075bff00, 0x0000021d075c0110]  528 bytes
[MachCode]
  0x0000021d075bff00: 5548 8bec | 4881 ec80 | 0000 0048 | 8944 2478 | 4889 4c24 | 7048 8954 | 2468 4889 | 5c24 6048 
  0x0000021d075bff20: 896c 2450 | 4889 7424 | 4848 897c | 2440 4c89 | 4424 384c | 894c 2430 | 4c89 5424 | 284c 895c 
  0x0000021d075bff40: 2420 4c89 | 6424 184c | 896c 2410 | 4c89 7424 | 084c 893c | 2448 81ec | 1004 0000 | c5fb 1144 
  0x0000021d075bff60: 2428 c5fb | 114c 2430 | c5fb 1154 | 2438 c5fb | 115c 2440 | c5fb 1164 | 2448 c5fb | 116c 2450 
  0x0000021d075bff80: c5fb 1174 | 2458 c5fb | 117c 2460 | c57b 1144 | 2468 c57b | 114c 2470 | c57b 1154 | 2478 c57b 
  0x0000021d075bffa0: 119c 2480 | 0000 00c5 | 7b11 a424 | 8800 0000 | c57b 11ac | 2490 0000 | 00c5 7b11 | b424 9800 
  0x0000021d075bffc0: 0000 c57b | 11bc 24a0 | 0000 0048 | 8bd2 4c8b | c349 8bcf | c5f8 7749 | 89af a803 | 0000 4989 
  0x0000021d075bffe0: a798 0300 | 0048 b8b0 | 6aae ccfc | 7f00 00ff | d049 c787 | 9803 0000 | 0000 0000 | 49c7 87a8 
  0x0000021d075c0000: 0300 0000 | 0000 0049 | c787 a003 | 0000 0000 | 0000 c5f8 | 7749 837f | 0800 0f84 | 1400 0000 
  0x0000021d075c0020: 498b 4708 | 49c7 87f0 | 0300 0000 | 0000 00e9 | 4cde ffff | 498b 87f0 | 0300 0049 | c787 f003 
  0x0000021d075c0040: 0000 0000 | 0000 c5fb | 1044 2428 | c5fb 104c | 2430 c5fb | 1054 2438 | c5fb 105c | 2440 c5fb 
  0x0000021d075c0060: 1064 2448 | c5fb 106c | 2450 c5fb | 1074 2458 | c5fb 107c | 2460 c57b | 1044 2468 | c57b 104c 
  0x0000021d075c0080: 2470 c57b | 1054 2478 | c57b 109c | 2480 0000 | 00c5 7b10 | a424 8800 | 0000 c57b | 10ac 2490 
  0x0000021d075c00a0: 0000 00c5 | 7b10 b424 | 9800 0000 | c57b 10bc | 24a0 0000 | 0048 81c4 | 1004 0000 | 4c8b 3c24 
  0x0000021d075c00c0: 4c8b 7424 | 084c 8b6c | 2410 4c8b | 6424 184c | 8b5c 2420 | 4c8b 5424 | 284c 8b4c | 2430 4c8b 
  0x0000021d075c00e0: 4424 3848 | 8b7c 2440 | 488b 7424 | 4848 8b6c | 2450 488b | 5c24 6048 | 8b54 2468 | 488b 4c24 
  0x0000021d075c0100: 7048 81c4 | 8000 0000 | c9c3 660f | 1f44 0000 
[/MachCode]
--------------------------------------------------------------------------------


Compiled method (c1)    5257 1993       3       java.nio.HeapByteBuffer::<init> (21 bytes)
 total in heap  [0x0000021d00132c10,0x0000021d00133098] = 1160
 relocation     [0x0000021d00132d70,0x0000021d00132db0] = 64
 main code      [0x0000021d00132dc0,0x0000021d00132fa8] = 488
 stub code      [0x0000021d00132fa8,0x0000021d00132fe8] = 64
 metadata       [0x0000021d00132fe8,0x0000021d00132ff8] = 16
 scopes data    [0x0000021d00132ff8,0x0000021d00133040] = 72
 scopes pcs     [0x0000021d00133040,0x0000021d00133090] = 80
 dependencies   [0x0000021d00133090,0x0000021d00133098] = 8

[Constant Pool (empty)]

[MachCode]
[Entry Point]
  # {method} {0x0000021d121c8800} '<init>' '(IILjava/lang/foreign/MemorySegment;)V' in 'java/nio/HeapByteBuffer'
  # this:     rdx:rdx   = 'java/nio/HeapByteBuffer'
  # parm0:    r8        = int
  # parm1:    r9        = int
  # parm2:    rdi:rdi   = 'java/lang/foreign/MemorySegment'
  #           [sp+0x70]  (sp of caller)
  0x0000021d00132dc0: 448b 5208 | 49bb 0000 | 0012 1d02 | 0000 4d03 | d34c 3bd0 

  0x0000021d00132dd4: ;   {runtime_call ic_miss_stub}
  0x0000021d00132dd4: 0f85 a6b9 | 4407 660f | 1f44 0000 
[Verified Entry Point]
  0x0000021d00132de0: 8984 2400 | 80ff ff55 | 4883 ec60 | 4181 7f20 | 0600 0000 

  0x0000021d00132df4: ;   {runtime_call StubRoutines (final stubs)}
  0x0000021d00132df4: 7405 e865 | 1f43 074d | 8bd8 4d8b | e94c 8bf7 

  0x0000021d00132e04: ;   {metadata(method data for {method} {0x0000021d121c8800} '<init>' '(IILjava/lang/foreign/MemorySegment;)V' in 'java/nio/HeapByteBuffer')}
  0x0000021d00132e04: 48bb b02d | 2953 1d02 | 0000 8bb3 | cc00 0000 | 83c6 0289 | b3cc 0000 | 0081 e6fe | 0700 0085 
  0x0000021d00132e24: f60f 840f | 0100 0049 | 8bdb 4c8b 

  0x0000021d00132e30: ;   {metadata({type array byte})}
  0x0000021d00132e30: ca48 bac0 | 2200 121d | 0200 0048 | 63db 488b | fb48 81fb | ffff ff00 | 0f87 0d01 | 0000 48be 
  0x0000021d00132e50: 1700 0000 | 0000 0000 | 488d 341e | 4883 e6f8 | 498b 87b8 | 0100 0048 | 8d34 3049 | 3bb7 c801 
  0x0000021d00132e70: 0000 0f87 | e300 0000 | 4989 b7b8 | 0100 0048 | 2bf0 48c7 | 0001 0000 | 0048 8bca | 49ba 0000 
  0x0000021d00132e90: 0012 1d02 | 0000 492b | ca89 4808 | 8958 0c48 | 83ee 1048 | 85f6 0f84 | 1100 0000 | 4833 db48 
  0x0000021d00132eb0: c1ee 0348 | 895c f008 | 48ff ce75 | f649 8bd1 

  0x0000021d00132ec0: ;   {metadata(method data for {method} {0x0000021d121c8800} '<init>' '(IILjava/lang/foreign/MemorySegment;)V' in 'java/nio/HeapByteBuffer')}
  0x0000021d00132ec0: 49b8 b02d | 2953 1d02 | 0000 4983 | 8010 0100 | 0001 41b8 | ffff ffff | 498b d141 | b900 0000 
  0x0000021d00132ee0: 0049 8bfd | 498b f348 | 8bc8 c704 | 2400 0000 | 004c 8974 | 2408 488b | da48 8bd3 | 4889 5c24 
  0x0000021d00132f00: 4866 0f1f 

  0x0000021d00132f04: ;   {optimized virtual_call}
  0x0000021d00132f04: 4400 00e8 

  0x0000021d00132f08: ; ImmutableOopMap {[72]=Oop }
                      ;*invokespecial <init> {reexecute=0 rethrow=0 return_oop=0}
                      ; - java.nio.HeapByteBuffer::<init>@10 (line 71)
  0x0000021d00132f08: d4cb fdff 

  0x0000021d00132f0c: ;   {other}
  0x0000021d00132f0c: 0f1f 8400 | fc02 0000 | 488b 5424 | 4849 ba10 | 0000 0000 | 0000 004c | 8952 1048 | 83c4 605d 
  0x0000021d00132f2c: ;   {poll_return}
  0x0000021d00132f2c: 493b a750 | 0400 000f | 872c 0000 

  0x0000021d00132f38: ;   {metadata({method} {0x0000021d121c8800} '<init>' '(IILjava/lang/foreign/MemorySegment;)V' in 'java/nio/HeapByteBuffer')}
  0x0000021d00132f38: 00c3 49ba | f887 1c12 | 1d02 0000 | 4c89 5424 | 0848 c704 | 24ff ffff 

  0x0000021d00132f50: ;   {runtime_call counter_overflow Runtime1 stub}
  0x0000021d00132f50: ffe8 2ad3 

  0x0000021d00132f54: ; ImmutableOopMap {rdx=Oop r14=Oop }
                      ;*synchronization entry
                      ; - java.nio.HeapByteBuffer::<init>@-1 (line 71)
  0x0000021d00132f54: 5107 e9d0 

  0x0000021d00132f58: ;   {runtime_call new_type_array Runtime1 stub}
  0x0000021d00132f58: feff ffe8 

  0x0000021d00132f5c: ; ImmutableOopMap {r14=Oop r9=Oop }
                      ;*newarray {reexecute=0 rethrow=0 return_oop=0}
                      ; - java.nio.HeapByteBuffer::<init>@6 (line 71)
  0x0000021d00132f5c: a0cf 4807 | e958 ffff 

  0x0000021d00132f64: ;   {internal_word}
  0x0000021d00132f64: ff49 ba2c | 2f13 001d | 0200 004d | 8997 6804 

  0x0000021d00132f74: ;   {runtime_call SafepointBlob}
  0x0000021d00132f74: 0000 e985 | 2745 0749 | 8b87 0005 | 0000 49c7 | 8700 0500 | 0000 0000 | 0049 c787 | 0805 0000 
  0x0000021d00132f94: 0000 0000 | 4883 c460 

  0x0000021d00132f9c: ;   {runtime_call unwind_exception Runtime1 stub}
  0x0000021d00132f9c: 5de9 deb1 | 4807 f4f4 | f4f4 f4f4 
[Stub Code]
  0x0000021d00132fa8: ;   {no_reloc}
  0x0000021d00132fa8: 48bb 0000 | 0000 0000 

  0x0000021d00132fb0: ;   {runtime_call}
  0x0000021d00132fb0: 0000 e9fb 

  0x0000021d00132fb4: ;   {runtime_call handle_exception_from_callee Runtime1 stub}
  0x0000021d00132fb4: ffff ffe8 | 44c0 4807 

  0x0000021d00132fbc: ;   {external_word}
  0x0000021d00132fbc: 48b9 60f0 | 32cd fc7f | 0000 4883 

  0x0000021d00132fc8: ;   {runtime_call}
  0x0000021d00132fc8: e4f0 48b8 | 2003 f6cc | fc7f 0000 

  0x0000021d00132fd4: ;   {section_word}
  0x0000021d00132fd4: ffd0 f449 | bad7 2f13 | 001d 0200 

  0x0000021d00132fe0: ;   {runtime_call DeoptimizationBlob}
  0x0000021d00132fe0: 0041 52e9 | b819 4507 
[/MachCode]


Compiled method (c1)    5273 2066       3       java.nio.ByteBuffer::allocate (20 bytes)
 total in heap  [0x0000021d00068110,0x0000021d000685c0] = 1200
 relocation     [0x0000021d00068270,0x0000021d000682c8] = 88
 main code      [0x0000021d000682e0,0x0000021d000684b0] = 464
 stub code      [0x0000021d000684b0,0x0000021d00068500] = 80
 metadata       [0x0000021d00068500,0x0000021d00068508] = 8
 scopes data    [0x0000021d00068508,0x0000021d00068538] = 48
 scopes pcs     [0x0000021d00068538,0x0000021d000685a8] = 112
 dependencies   [0x0000021d000685a8,0x0000021d000685b0] = 8
 nul chk table  [0x0000021d000685b0,0x0000021d000685c0] = 16

[Constant Pool (empty)]

[MachCode]
[Verified Entry Point]
  # {method} {0x0000021d120c5860} 'allocate' '(I)Ljava/nio/ByteBuffer;' in 'java/nio/ByteBuffer'
  # parm0:    rdx       = int
  #           [sp+0x50]  (sp of caller)
  0x0000021d000682e0: 8984 2400 | 80ff ff55 | 4883 ec40 | 4181 7f20 | 0600 0000 

  0x0000021d000682f4: ;   {runtime_call StubRoutines (final stubs)}
  0x0000021d000682f4: 7405 e865 | ca4f 0748 

  0x0000021d000682fc: ;   {metadata(method data for {method} {0x0000021d120c5860} 'allocate' '(I)Ljava/nio/ByteBuffer;' in 'java/nio/ByteBuffer')}
  0x0000021d000682fc: 8bda 48ba | 2040 0f53 | 1d02 0000 | 8bb2 cc00 | 0000 83c6 | 0289 b2cc | 0000 0081 | e6fe 0700 
  0x0000021d0006831c: 0085 f60f | 8417 0100 

  0x0000021d00068324: ;   {metadata(method data for {method} {0x0000021d120c5860} 'allocate' '(I)Ljava/nio/ByteBuffer;' in 'java/nio/ByteBuffer')}
  0x0000021d00068324: 0085 db48 | ba20 400f | 531d 0200 | 0048 be20 | 0100 0000 | 0000 007c | 0a48 be10 | 0100 0000 
  0x0000021d00068344: 0000 0048 | 8b3c 3248 | 8d7f 0148 | 893c 320f | 8cb3 0000 

  0x0000021d00068358: ;   {metadata('java/nio/HeapByteBuffer')}
  0x0000021d00068358: 0048 ba58 | 651c 121d | 0200 0049 | 8b87 b801 | 0000 488d | 7838 493b | bfc8 0100 | 000f 87e2 
  0x0000021d00068378: 0000 0049 | 89bf b801 | 0000 48c7 | 0001 0000 | 0048 8bca | 49ba 0000 | 0012 1d02 | 0000 492b 
  0x0000021d00068398: ca89 4808 | 4833 c989 | 480c 4833 | c948 bf05 | 0000 0000 | 0000 0048 | 894c f808 | 48ff cf75 
  0x0000021d000683b8: f64c 8bc0 

  0x0000021d000683bc: ;   {metadata(method data for {method} {0x0000021d120c5860} 'allocate' '(I)Ljava/nio/ByteBuffer;' in 'java/nio/ByteBuffer')}
  0x0000021d000683bc: 49b9 2040 | 0f53 1d02 | 0000 4983 | 8140 0100 | 0001 4c8b | c34c 8bcb 

  0x0000021d000683d4: ;   {oop(nullptr)}
  0x0000021d000683d4: 48bf 0000 | 0000 0000 | 0000 488b | d048 8944 

  0x0000021d000683e4: ;   {optimized virtual_call}
  0x0000021d000683e4: 2430 90e8 

  0x0000021d000683e8: ; ImmutableOopMap {[48]=Oop }
                      ;*invokespecial <init> {reexecute=0 rethrow=0 return_oop=0}
                      ; - java.nio.ByteBuffer::allocate@16 (line 391)
  0x0000021d000683e8: f4a9 0c00 

  0x0000021d000683ec: ;   {other}
  0x0000021d000683ec: 0f1f 8400 | dc02 0000 | 488b 4424 | 3048 83c4 

  0x0000021d000683fc: ;   {poll_return}
  0x0000021d000683fc: 405d 493b | a750 0400 | 000f 875f | 0000 00c3 

  0x0000021d0006840c: ;   {metadata(method data for {method} {0x0000021d120c5860} 'allocate' '(I)Ljava/nio/ByteBuffer;' in 'java/nio/ByteBuffer')}
  0x0000021d0006840c: 48ba 2040 | 0f53 1d02 | 0000 4883 | 8230 0100 | 0001 488b | d366 0f1f 

  0x0000021d00068424: ;   {static_call}
  0x0000021d00068424: 4400 00e8 

  0x0000021d00068428: ; ImmutableOopMap {}
                      ;*invokestatic createCapacityException {reexecute=0 rethrow=0 return_oop=0}
                      ; - java.nio.ByteBuffer::allocate@5 (line 390)
  0x0000021d00068428: 546c 5107 

  0x0000021d0006842c: ;   {other}
  0x0000021d0006842c: 0f1f 8400 | 1c03 0001 

  0x0000021d00068434: ; implicit exception: dispatches to 0x0000021d00068480
  0x0000021d00068434: 483b 00e9 | 6600 0000 

  0x0000021d0006843c: ;   {metadata({method} {0x0000021d120c5860} 'allocate' '(I)Ljava/nio/ByteBuffer;' in 'java/nio/ByteBuffer')}
  0x0000021d0006843c: 49ba 5858 | 0c12 1d02 | 0000 4c89 | 5424 0848 | c704 24ff 

  0x0000021d00068450: ;   {runtime_call counter_overflow Runtime1 stub}
  0x0000021d00068450: ffff ffe8 

  0x0000021d00068454: ; ImmutableOopMap {}
                      ;*synchronization entry
                      ; - java.nio.ByteBuffer::allocate@-1 (line 389)
  0x0000021d00068454: 287e 5e07 | e9c8 feff | ff48 8bd2 

  0x0000021d00068460: ;   {runtime_call fast_new_instance Runtime1 stub}
  0x0000021d00068460: e89b 8055 

  0x0000021d00068464: ; ImmutableOopMap {}
                      ;*new {reexecute=0 rethrow=0 return_oop=0}
                      ; - java.nio.ByteBuffer::allocate@9 (line 391)
  0x0000021d00068464: 07e9 4fff 

  0x0000021d00068468: ;   {internal_word}
  0x0000021d00068468: ffff 49ba | fe83 0600 | 1d02 0000 | 4d89 9768 

  0x0000021d00068478: ;   {runtime_call SafepointBlob}
  0x0000021d00068478: 0400 00e9 | 80d2 5107 

  0x0000021d00068480: ;   {runtime_call throw_null_pointer_exception Runtime1 stub}
  0x0000021d00068480: e8fb 4d55 

  0x0000021d00068484: ; ImmutableOopMap {rax=Oop }
                      ;*athrow {reexecute=1 rethrow=0 return_oop=0}
                      ; - (reexecute) java.nio.ByteBuffer::allocate@8 (line 390)
  0x0000021d00068484: 0749 8b87 | 0005 0000 | 49c7 8700 | 0500 0000 | 0000 0049 | c787 0805 | 0000 0000 | 0000 4883 
  0x0000021d000684a4: ;   {runtime_call unwind_exception Runtime1 stub}
  0x0000021d000684a4: c440 5de9 | d45c 5507 | f4f4 f4f4 
[Stub Code]
  0x0000021d000684b0: ;   {no_reloc}
  0x0000021d000684b0: 48bb 0000 | 0000 0000 

  0x0000021d000684b8: ;   {runtime_call}
  0x0000021d000684b8: 0000 e9fb 

  0x0000021d000684bc: ;   {static_stub}
  0x0000021d000684bc: ffff ff48 | bb00 0000 | 0000 0000 

  0x0000021d000684c8: ;   {runtime_call}
  0x0000021d000684c8: 00e9 fbff 

  0x0000021d000684cc: ;   {runtime_call handle_exception_from_callee Runtime1 stub}
  0x0000021d000684cc: ffff e82d 

  0x0000021d000684d0: ;   {external_word}
  0x0000021d000684d0: 6b55 0748 | b960 f032 | cdfc 7f00 | 0048 83e4 

  0x0000021d000684e0: ;   {runtime_call}
  0x0000021d000684e0: f048 b820 | 03f6 ccfc | 7f00 00ff 

  0x0000021d000684ec: ;   {section_word}
  0x0000021d000684ec: d0f4 49ba | ee84 0600 | 1d02 0000 

  0x0000021d000684f8: ;   {runtime_call DeoptimizationBlob}
  0x0000021d000684f8: 4152 e9a1 | c451 07f4 
[/MachCode]


---------------  P R O C E S S  ---------------

Threads class SMR info:
_java_thread_list=0x0000021d63de6030, length=18, elements={
0x0000021d7018a5f0, 0x0000021d116ed300, 0x0000021d116f0130, 0x0000021d116f3e30,
0x0000021d116f4890, 0x0000021d116f52f0, 0x0000021d116ffd70, 0x0000021d11724010,
0x0000021d117312a0, 0x0000021d116b6e80, 0x0000021d11c015f0, 0x0000021d572425f0,
0x0000021d57555f20, 0x0000021d57858200, 0x0000021d579ae0c0, 0x0000021d579b1e30,
0x0000021d6328a7a0, 0x0000021d575b38d0
}

Java Threads: ( => current thread )
  0x0000021d7018a5f0 JavaThread "main"                              [_thread_blocked, id=27668, stack(0x000000ae77200000,0x000000ae77300000) (1024K)]
  0x0000021d116ed300 JavaThread "Reference Handler"          daemon [_thread_blocked, id=26604, stack(0x000000ae77a00000,0x000000ae77b00000) (1024K)]
  0x0000021d116f0130 JavaThread "Finalizer"                  daemon [_thread_blocked, id=7400, stack(0x000000ae77b00000,0x000000ae77c00000) (1024K)]
  0x0000021d116f3e30 JavaThread "Signal Dispatcher"          daemon [_thread_blocked, id=26768, stack(0x000000ae77c00000,0x000000ae77d00000) (1024K)]
  0x0000021d116f4890 JavaThread "Attach Listener"            daemon [_thread_blocked, id=25132, stack(0x000000ae77d00000,0x000000ae77e00000) (1024K)]
  0x0000021d116f52f0 JavaThread "Service Thread"             daemon [_thread_blocked, id=29028, stack(0x000000ae77e00000,0x000000ae77f00000) (1024K)]
  0x0000021d116ffd70 JavaThread "Monitor Deflation Thread"   daemon [_thread_blocked, id=18260, stack(0x000000ae77f00000,0x000000ae78000000) (1024K)]
  0x0000021d11724010 JavaThread "C2 CompilerThread0"         daemon [_thread_blocked, id=7348, stack(0x000000ae78000000,0x000000ae78100000) (1024K)]
  0x0000021d117312a0 JavaThread "C1 CompilerThread0"         daemon [_thread_blocked, id=29136, stack(0x000000ae78100000,0x000000ae78200000) (1024K)]
  0x0000021d116b6e80 JavaThread "Common-Cleaner"             daemon [_thread_blocked, id=20000, stack(0x000000ae78200000,0x000000ae78300000) (1024K)]
  0x0000021d11c015f0 JavaThread "Notification Thread"        daemon [_thread_blocked, id=23200, stack(0x000000ae78500000,0x000000ae78600000) (1024K)]
  0x0000021d572425f0 JavaThread "QuantumRenderer-0"          daemon [_thread_blocked, id=1780, stack(0x000000ae78400000,0x000000ae78500000) (1024K)]
  0x0000021d57555f20 JavaThread "InvokeLaterDispatcher"      daemon [_thread_blocked, id=15776, stack(0x000000ae78700000,0x000000ae78800000) (1024K)]
=>0x0000021d57858200 JavaThread "JavaFX Application Thread"         [_thread_in_vm, id=23496, stack(0x000000ae78800000,0x000000ae78900000) (1024K)]
  0x0000021d579ae0c0 JavaThread "Thread-1"                   daemon [_thread_in_native, id=27568, stack(0x000000ae78c00000,0x000000ae78d00000) (1024K)]
  0x0000021d579b1e30 JavaThread "JavaFX-Launcher"                   [_thread_blocked, id=15668, stack(0x000000ae78d00000,0x000000ae78e00000) (1024K)]
  0x0000021d6328a7a0 JavaThread "Prism Font Disposer"        daemon [_thread_blocked, id=25340, stack(0x000000ae79700000,0x000000ae79800000) (1024K)]
  0x0000021d575b38d0 JavaThread "Cleaner-0"                  daemon [_thread_blocked, id=24260, stack(0x000000ae79300000,0x000000ae79400000) (1024K)]
Total: 18

Other Threads:
  0x0000021d116cd750 VMThread "VM Thread"                           [id=13276, stack(0x000000ae77900000,0x000000ae77a00000) (1024K)]
  0x0000021d116b6390 WatcherThread "VM Periodic Task Thread"        [id=27328, stack(0x000000ae77800000,0x000000ae77900000) (1024K)]
  0x0000021d7231f820 WorkerThread "GC Thread#0"                     [id=18748, stack(0x000000ae77300000,0x000000ae77400000) (1024K)]
  0x0000021d579b2cb0 WorkerThread "GC Thread#1"                     [id=25912, stack(0x000000ae78e00000,0x000000ae78f00000) (1024K)]
  0x0000021d5776da80 WorkerThread "GC Thread#2"                     [id=7200, stack(0x000000ae78f00000,0x000000ae79000000) (1024K)]
  0x0000021d5777c150 WorkerThread "GC Thread#3"                     [id=21208, stack(0x000000ae79000000,0x000000ae79100000) (1024K)]
  0x0000021d5777c4f0 WorkerThread "GC Thread#4"                     [id=8584, stack(0x000000ae79100000,0x000000ae79200000) (1024K)]
  0x0000021d5777c890 WorkerThread "GC Thread#5"                     [id=26100, stack(0x000000ae79200000,0x000000ae79300000) (1024K)]
  0x0000021d57c539c0 WorkerThread "GC Thread#6"                     [id=27576, stack(0x000000ae79800000,0x000000ae79900000) (1024K)]
  0x0000021d57c53d60 WorkerThread "GC Thread#7"                     [id=20972, stack(0x000000ae79900000,0x000000ae79a00000) (1024K)]
  0x0000021d72332750 ConcurrentGCThread "G1 Main Marker"            [id=29596, stack(0x000000ae77400000,0x000000ae77500000) (1024K)]
  0x0000021d723339f0 WorkerThread "G1 Conc#0"                       [id=12296, stack(0x000000ae77500000,0x000000ae77600000) (1024K)]
  0x0000021d57c54100 WorkerThread "G1 Conc#1"                       [id=27836, stack(0x000000ae78300000,0x000000ae78400000) (1024K)]
  0x0000021d7238e4f0 ConcurrentGCThread "G1 Refine#0"               [id=4364, stack(0x000000ae77600000,0x000000ae77700000) (1024K)]
  0x0000021d1158e540 ConcurrentGCThread "G1 Service"                [id=24688, stack(0x000000ae77700000,0x000000ae77800000) (1024K)]
Total: 15

Threads with active compile tasks:
Total: 0

VM state: not at safepoint (normal execution)

VM Mutex/Monitor currently owned by a thread:  ([mutex/lock_event])
[0x00007ffccd5e3298] Heap_lock - owner thread: 0x0000021d57858200

Heap address: 0x0000000702800000, size: 4056 MB, Compressed Oops mode: Zero based, Oop shift amount: 3

CDS archive(s) mapped at: [0x0000021d12000000-0x0000021d12c90000-0x0000021d12c90000), size 13172736, SharedBaseAddress: 0x0000021d12000000, ArchiveRelocationMode: 1.
Compressed class space mapped at: 0x0000021d13000000-0x0000021d53000000, reserved size: 1073741824
Narrow klass base: 0x0000021d12000000, Narrow klass shift: 0, Narrow klass range: 0x100000000

GC Precious Log:
 CardTable entry size: 512
 Card Set container configuration: InlinePtr #cards 4 size 8 Array Of Cards #cards 16 size 48 Howl #buckets 8 coarsen threshold 3686 Howl Bitmap #cards 512 size 80 coarsen threshold 460 Card regions per heap region 1 cards per card region 4096
 CPUs: 8 total, 8 available
 Memory: 16217M
 Large Page Support: Disabled
 NUMA Support: Disabled
 Compressed Oops: Enabled (Zero based)
 Heap Region Size: 2M
 Heap Min Capacity: 8M
 Heap Initial Capacity: 254M
 Heap Max Capacity: 4056M
 Pre-touch: Disabled
 Parallel Workers: 8
 Concurrent Workers: 2
 Concurrent Refinement Workers: 8
 Periodic GC: Disabled

Heap:
 garbage-first heap   total 264192K, used 255947K [0x0000000702800000, 0x0000000800000000)
  region size 2048K, 10 young (20480K), 2 survivors (4096K)
 Metaspace       used 13169K, committed 13440K, reserved 1114112K
  class space    used 1959K, committed 2112K, reserved 1048576K

Heap Regions: E=young(eden), S=young(survivor), O=old, HS=humongous(starts), HC=humongous(continues), CS=collection set, F=free, TAMS=top-at-mark-start, PB=parsable bottom
|   0|0x0000000702800000, 0x0000000702a00000, 0x0000000702a00000|100%|HS|  |TAMS 0x0000000702800000| PB 0x0000000702800000| Complete 
|   1|0x0000000702a00000, 0x0000000702c00000, 0x0000000702c00000|100%|HC|  |TAMS 0x0000000702a00000| PB 0x0000000702a00000| Complete 
|   2|0x0000000702c00000, 0x0000000702e00000, 0x0000000702e00000|100%|HS|  |TAMS 0x0000000702c00000| PB 0x0000000702c00000| Complete 
|   3|0x0000000702e00000, 0x0000000703000000, 0x0000000703000000|100%|HS|  |TAMS 0x0000000702e00000| PB 0x0000000702e00000| Complete 
|   4|0x0000000703000000, 0x0000000703200000, 0x0000000703200000|100%|HS|  |TAMS 0x0000000703000000| PB 0x0000000703000000| Complete 
|   5|0x0000000703200000, 0x0000000703400000, 0x0000000703400000|100%|HS|  |TAMS 0x0000000703200000| PB 0x0000000703200000| Complete 
|   6|0x0000000703400000, 0x0000000703600000, 0x0000000703600000|100%|HS|  |TAMS 0x0000000703400000| PB 0x0000000703400000| Complete 
|   7|0x0000000703600000, 0x0000000703800000, 0x0000000703800000|100%|HS|  |TAMS 0x0000000703600000| PB 0x0000000703600000| Complete 
|   8|0x0000000703800000, 0x0000000703a00000, 0x0000000703a00000|100%|HS|  |TAMS 0x0000000703800000| PB 0x0000000703800000| Complete 
|   9|0x0000000703a00000, 0x0000000703c00000, 0x0000000703c00000|100%|HC|  |TAMS 0x0000000703a00000| PB 0x0000000703a00000| Complete 
|  10|0x0000000703c00000, 0x0000000703e00000, 0x0000000703e00000|100%|HC|  |TAMS 0x0000000703c00000| PB 0x0000000703c00000| Complete 
|  11|0x0000000703e00000, 0x0000000704000000, 0x0000000704000000|100%|HS|  |TAMS 0x0000000703e00000| PB 0x0000000703e00000| Complete 
|  12|0x0000000704000000, 0x0000000704200000, 0x0000000704200000|100%|HC|  |TAMS 0x0000000704000000| PB 0x0000000704000000| Complete 
|  13|0x0000000704200000, 0x0000000704400000, 0x0000000704400000|100%|HC|  |TAMS 0x0000000704200000| PB 0x0000000704200000| Complete 
|  14|0x0000000704400000, 0x0000000704600000, 0x0000000704600000|100%|HS|  |TAMS 0x0000000704400000| PB 0x0000000704400000| Complete 
|  15|0x0000000704600000, 0x0000000704800000, 0x0000000704800000|100%|HC|  |TAMS 0x0000000704600000| PB 0x0000000704600000| Complete 
|  16|0x0000000704800000, 0x0000000704a00000, 0x0000000704a00000|100%|HC|  |TAMS 0x0000000704800000| PB 0x0000000704800000| Complete 
|  17|0x0000000704a00000, 0x0000000704c00000, 0x0000000704c00000|100%|HS|  |TAMS 0x0000000704a00000| PB 0x0000000704a00000| Complete 
|  18|0x0000000704c00000, 0x0000000704e00000, 0x0000000704e00000|100%|HC|  |TAMS 0x0000000704c00000| PB 0x0000000704c00000| Complete 
|  19|0x0000000704e00000, 0x0000000705000000, 0x0000000705000000|100%|HC|  |TAMS 0x0000000704e00000| PB 0x0000000704e00000| Complete 
|  20|0x0000000705000000, 0x0000000705200000, 0x0000000705200000|100%|HS|  |TAMS 0x0000000705000000| PB 0x0000000705000000| Complete 
|  21|0x0000000705200000, 0x0000000705400000, 0x0000000705400000|100%|HC|  |TAMS 0x0000000705200000| PB 0x0000000705200000| Complete 
|  22|0x0000000705400000, 0x0000000705600000, 0x0000000705600000|100%|HC|  |TAMS 0x0000000705400000| PB 0x0000000705400000| Complete 
|  23|0x0000000705600000, 0x0000000705800000, 0x0000000705800000|100%|HS|  |TAMS 0x0000000705600000| PB 0x0000000705600000| Complete 
|  24|0x0000000705800000, 0x0000000705a00000, 0x0000000705a00000|100%|HC|  |TAMS 0x0000000705800000| PB 0x0000000705800000| Complete 
|  25|0x0000000705a00000, 0x0000000705c00000, 0x0000000705c00000|100%|HC|  |TAMS 0x0000000705a00000| PB 0x0000000705a00000| Complete 
|  26|0x0000000705c00000, 0x0000000705e00000, 0x0000000705e00000|100%|HS|  |TAMS 0x0000000705c00000| PB 0x0000000705c00000| Complete 
|  27|0x0000000705e00000, 0x0000000706000000, 0x0000000706000000|100%|HC|  |TAMS 0x0000000705e00000| PB 0x0000000705e00000| Complete 
|  28|0x0000000706000000, 0x0000000706200000, 0x0000000706200000|100%|HC|  |TAMS 0x0000000706000000| PB 0x0000000706000000| Complete 
|  29|0x0000000706200000, 0x0000000706400000, 0x0000000706400000|100%|HS|  |TAMS 0x0000000706200000| PB 0x0000000706200000| Complete 
|  30|0x0000000706400000, 0x0000000706600000, 0x0000000706600000|100%|HC|  |TAMS 0x0000000706400000| PB 0x0000000706400000| Complete 
|  31|0x0000000706600000, 0x0000000706800000, 0x0000000706800000|100%|HC|  |TAMS 0x0000000706600000| PB 0x0000000706600000| Complete 
|  32|0x0000000706800000, 0x0000000706a00000, 0x0000000706a00000|100%|HS|  |TAMS 0x0000000706800000| PB 0x0000000706800000| Complete 
|  33|0x0000000706a00000, 0x0000000706c00000, 0x0000000706c00000|100%|HC|  |TAMS 0x0000000706a00000| PB 0x0000000706a00000| Complete 
|  34|0x0000000706c00000, 0x0000000706e00000, 0x0000000706e00000|100%|HC|  |TAMS 0x0000000706c00000| PB 0x0000000706c00000| Complete 
|  35|0x0000000706e00000, 0x0000000707000000, 0x0000000707000000|100%|HS|  |TAMS 0x0000000706e00000| PB 0x0000000706e00000| Complete 
|  36|0x0000000707000000, 0x0000000707200000, 0x0000000707200000|100%|HC|  |TAMS 0x0000000707000000| PB 0x0000000707000000| Complete 
|  37|0x0000000707200000, 0x0000000707400000, 0x0000000707400000|100%|HC|  |TAMS 0x0000000707200000| PB 0x0000000707200000| Complete 
|  38|0x0000000707400000, 0x0000000707600000, 0x0000000707600000|100%| O|  |TAMS 0x0000000707400000| PB 0x0000000707400000| Untracked 
|  39|0x0000000707600000, 0x0000000707800000, 0x0000000707800000|100%|HS|  |TAMS 0x0000000707600000| PB 0x0000000707600000| Complete 
|  40|0x0000000707800000, 0x0000000707a00000, 0x0000000707a00000|100%|HC|  |TAMS 0x0000000707800000| PB 0x0000000707800000| Complete 
|  41|0x0000000707a00000, 0x0000000707c00000, 0x0000000707c00000|100%|HS|  |TAMS 0x0000000707a00000| PB 0x0000000707a00000| Complete 
|  42|0x0000000707c00000, 0x0000000707e00000, 0x0000000707e00000|100%|HC|  |TAMS 0x0000000707c00000| PB 0x0000000707c00000| Complete 
|  43|0x0000000707e00000, 0x0000000708000000, 0x0000000708000000|100%|HS|  |TAMS 0x0000000707e00000| PB 0x0000000707e00000| Complete 
|  44|0x0000000708000000, 0x0000000708200000, 0x0000000708200000|100%|HC|  |TAMS 0x0000000708000000| PB 0x0000000708000000| Complete 
|  45|0x0000000708200000, 0x0000000708400000, 0x0000000708400000|100%|HS|  |TAMS 0x0000000708200000| PB 0x0000000708200000| Complete 
|  46|0x0000000708400000, 0x0000000708600000, 0x0000000708600000|100%|HC|  |TAMS 0x0000000708400000| PB 0x0000000708400000| Complete 
|  47|0x0000000708600000, 0x0000000708800000, 0x0000000708800000|100%|HS|  |TAMS 0x0000000708600000| PB 0x0000000708600000| Complete 
|  48|0x0000000708800000, 0x0000000708a00000, 0x0000000708a00000|100%|HC|  |TAMS 0x0000000708800000| PB 0x0000000708800000| Complete 
|  49|0x0000000708a00000, 0x0000000708c00000, 0x0000000708c00000|100%|HS|  |TAMS 0x0000000708a00000| PB 0x0000000708a00000| Complete 
|  50|0x0000000708c00000, 0x0000000708e00000, 0x0000000708e00000|100%|HC|  |TAMS 0x0000000708c00000| PB 0x0000000708c00000| Complete 
|  51|0x0000000708e00000, 0x0000000709000000, 0x0000000709000000|100%|HS|  |TAMS 0x0000000708e00000| PB 0x0000000708e00000| Complete 
|  52|0x0000000709000000, 0x0000000709200000, 0x0000000709200000|100%|HC|  |TAMS 0x0000000709000000| PB 0x0000000709000000| Complete 
|  53|0x0000000709200000, 0x0000000709400000, 0x0000000709400000|100%|HS|  |TAMS 0x0000000709200000| PB 0x0000000709200000| Complete 
|  54|0x0000000709400000, 0x0000000709600000, 0x0000000709600000|100%|HC|  |TAMS 0x0000000709400000| PB 0x0000000709400000| Complete 
|  55|0x0000000709600000, 0x0000000709800000, 0x0000000709800000|100%|HS|  |TAMS 0x0000000709600000| PB 0x0000000709600000| Complete 
|  56|0x0000000709800000, 0x0000000709a00000, 0x0000000709a00000|100%|HC|  |TAMS 0x0000000709800000| PB 0x0000000709800000| Complete 
|  57|0x0000000709a00000, 0x0000000709c00000, 0x0000000709c00000|100%|HS|  |TAMS 0x0000000709a00000| PB 0x0000000709a00000| Complete 
|  58|0x0000000709c00000, 0x0000000709e00000, 0x0000000709e00000|100%|HC|  |TAMS 0x0000000709c00000| PB 0x0000000709c00000| Complete 
|  59|0x0000000709e00000, 0x000000070a000000, 0x000000070a000000|100%| O|  |TAMS 0x0000000709e00000| PB 0x0000000709e00000| Untracked 
|  60|0x000000070a000000, 0x000000070a200000, 0x000000070a200000|100%| O|  |TAMS 0x000000070a000000| PB 0x000000070a000000| Untracked 
|  61|0x000000070a200000, 0x000000070a400000, 0x000000070a400000|100%| O|  |TAMS 0x000000070a200000| PB 0x000000070a200000| Untracked 
|  62|0x000000070a400000, 0x000000070a600000, 0x000000070a600000|100%| O|  |TAMS 0x000000070a400000| PB 0x000000070a400000| Untracked 
|  63|0x000000070a600000, 0x000000070a800000, 0x000000070a800000|100%| O|  |TAMS 0x000000070a600000| PB 0x000000070a600000| Untracked 
|  64|0x000000070a800000, 0x000000070aa00000, 0x000000070aa00000|100%| O|Cm|TAMS 0x000000070a800000| PB 0x000000070a800000| Complete 
|  65|0x000000070aa00000, 0x000000070ac00000, 0x000000070ac00000|100%| O|  |TAMS 0x000000070aa00000| PB 0x000000070aa00000| Untracked 
|  66|0x000000070ac00000, 0x000000070ac7b048, 0x000000070ae00000| 24%| O|  |TAMS 0x000000070ac00000| PB 0x000000070ac00000| Untracked 
|  67|0x000000070ae00000, 0x000000070b000000, 0x000000070b000000|100%|HS|  |TAMS 0x000000070ae00000| PB 0x000000070ae00000| Complete 
|  68|0x000000070b000000, 0x000000070b200000, 0x000000070b200000|100%|HC|  |TAMS 0x000000070b000000| PB 0x000000070b000000| Complete 
|  69|0x000000070b200000, 0x000000070b400000, 0x000000070b400000|100%|HS|  |TAMS 0x000000070b200000| PB 0x000000070b200000| Complete 
|  70|0x000000070b400000, 0x000000070b600000, 0x000000070b600000|100%|HC|  |TAMS 0x000000070b400000| PB 0x000000070b400000| Complete 
|  71|0x000000070b600000, 0x000000070b800000, 0x000000070b800000|100%|HS|  |TAMS 0x000000070b600000| PB 0x000000070b600000| Complete 
|  72|0x000000070b800000, 0x000000070ba00000, 0x000000070ba00000|100%|HC|  |TAMS 0x000000070b800000| PB 0x000000070b800000| Complete 
|  73|0x000000070ba00000, 0x000000070bc00000, 0x000000070bc00000|100%|HS|  |TAMS 0x000000070ba00000| PB 0x000000070ba00000| Complete 
|  74|0x000000070bc00000, 0x000000070be00000, 0x000000070be00000|100%|HC|  |TAMS 0x000000070bc00000| PB 0x000000070bc00000| Complete 
|  75|0x000000070be00000, 0x000000070c000000, 0x000000070c000000|100%|HS|  |TAMS 0x000000070be00000| PB 0x000000070be00000| Complete 
|  76|0x000000070c000000, 0x000000070c200000, 0x000000070c200000|100%|HC|  |TAMS 0x000000070c000000| PB 0x000000070c000000| Complete 
|  77|0x000000070c200000, 0x000000070c400000, 0x000000070c400000|100%|HS|  |TAMS 0x000000070c200000| PB 0x000000070c200000| Complete 
|  78|0x000000070c400000, 0x000000070c600000, 0x000000070c600000|100%|HC|  |TAMS 0x000000070c400000| PB 0x000000070c400000| Complete 
|  79|0x000000070c600000, 0x000000070c800000, 0x000000070c800000|100%|HC|  |TAMS 0x000000070c600000| PB 0x000000070c600000| Complete 
|  80|0x000000070c800000, 0x000000070ca00000, 0x000000070ca00000|100%|HS|  |TAMS 0x000000070c800000| PB 0x000000070c800000| Complete 
|  81|0x000000070ca00000, 0x000000070cc00000, 0x000000070cc00000|100%|HC|  |TAMS 0x000000070ca00000| PB 0x000000070ca00000| Complete 
|  82|0x000000070cc00000, 0x000000070ce00000, 0x000000070ce00000|100%|HC|  |TAMS 0x000000070cc00000| PB 0x000000070cc00000| Complete 
|  83|0x000000070ce00000, 0x000000070d000000, 0x000000070d000000|100%|HS|  |TAMS 0x000000070ce00000| PB 0x000000070ce00000| Complete 
|  84|0x000000070d000000, 0x000000070d200000, 0x000000070d200000|100%|HC|  |TAMS 0x000000070d000000| PB 0x000000070d000000| Complete 
|  85|0x000000070d200000, 0x000000070d400000, 0x000000070d400000|100%|HC|  |TAMS 0x000000070d200000| PB 0x000000070d200000| Complete 
|  86|0x000000070d400000, 0x000000070d600000, 0x000000070d600000|100%|HS|  |TAMS 0x000000070d400000| PB 0x000000070d400000| Complete 
|  87|0x000000070d600000, 0x000000070d800000, 0x000000070d800000|100%|HC|  |TAMS 0x000000070d600000| PB 0x000000070d600000| Complete 
|  88|0x000000070d800000, 0x000000070da00000, 0x000000070da00000|100%|HC|  |TAMS 0x000000070d800000| PB 0x000000070d800000| Complete 
|  89|0x000000070da00000, 0x000000070dc00000, 0x000000070dc00000|100%|HS|  |TAMS 0x000000070da00000| PB 0x000000070da00000| Complete 
|  90|0x000000070dc00000, 0x000000070de00000, 0x000000070de00000|100%|HC|  |TAMS 0x000000070dc00000| PB 0x000000070dc00000| Complete 
|  91|0x000000070de00000, 0x000000070e000000, 0x000000070e000000|100%|HC|  |TAMS 0x000000070de00000| PB 0x000000070de00000| Complete 
|  92|0x000000070e000000, 0x000000070e200000, 0x000000070e200000|100%|HS|  |TAMS 0x000000070e000000| PB 0x000000070e000000| Complete 
|  93|0x000000070e200000, 0x000000070e400000, 0x000000070e400000|100%|HC|  |TAMS 0x000000070e200000| PB 0x000000070e200000| Complete 
|  94|0x000000070e400000, 0x000000070e600000, 0x000000070e600000|100%|HC|  |TAMS 0x000000070e400000| PB 0x000000070e400000| Complete 
|  95|0x000000070e600000, 0x000000070e800000, 0x000000070e800000|100%|HS|  |TAMS 0x000000070e600000| PB 0x000000070e600000| Complete 
|  96|0x000000070e800000, 0x000000070ea00000, 0x000000070ea00000|100%|HC|  |TAMS 0x000000070e800000| PB 0x000000070e800000| Complete 
|  97|0x000000070ea00000, 0x000000070ec00000, 0x000000070ec00000|100%|HC|  |TAMS 0x000000070ea00000| PB 0x000000070ea00000| Complete 
|  98|0x000000070ec00000, 0x000000070ee00000, 0x000000070ee00000|100%|HS|  |TAMS 0x000000070ec00000| PB 0x000000070ec00000| Complete 
|  99|0x000000070ee00000, 0x000000070f000000, 0x000000070f000000|100%|HC|  |TAMS 0x000000070ee00000| PB 0x000000070ee00000| Complete 
| 100|0x000000070f000000, 0x000000070f200000, 0x000000070f200000|100%|HC|  |TAMS 0x000000070f000000| PB 0x000000070f000000| Complete 
| 101|0x000000070f200000, 0x000000070f400000, 0x000000070f400000|100%|HS|  |TAMS 0x000000070f200000| PB 0x000000070f200000| Complete 
| 102|0x000000070f400000, 0x000000070f600000, 0x000000070f600000|100%|HS|  |TAMS 0x000000070f400000| PB 0x000000070f400000| Complete 
| 103|0x000000070f600000, 0x000000070f800000, 0x000000070f800000|100%|HC|  |TAMS 0x000000070f600000| PB 0x000000070f600000| Complete 
| 104|0x000000070f800000, 0x000000070fa00000, 0x000000070fa00000|100%|HC|  |TAMS 0x000000070f800000| PB 0x000000070f800000| Complete 
| 105|0x000000070fa00000, 0x000000070fc00000, 0x000000070fc00000|100%|HS|  |TAMS 0x000000070fa00000| PB 0x000000070fa00000| Complete 
| 106|0x000000070fc00000, 0x000000070fe00000, 0x000000070fe00000|100%|HC|  |TAMS 0x000000070fc00000| PB 0x000000070fc00000| Complete 
| 107|0x000000070fe00000, 0x0000000710000000, 0x0000000710000000|100%|HC|  |TAMS 0x000000070fe00000| PB 0x000000070fe00000| Complete 
| 108|0x0000000710000000, 0x0000000710200000, 0x0000000710200000|100%|HS|  |TAMS 0x0000000710000000| PB 0x0000000710000000| Complete 
| 109|0x0000000710200000, 0x0000000710400000, 0x0000000710400000|100%|HC|  |TAMS 0x0000000710200000| PB 0x0000000710200000| Complete 
| 110|0x0000000710400000, 0x0000000710600000, 0x0000000710600000|100%|HC|  |TAMS 0x0000000710400000| PB 0x0000000710400000| Complete 
| 111|0x0000000710600000, 0x0000000710800000, 0x0000000710800000|100%|HS|  |TAMS 0x0000000710600000| PB 0x0000000710600000| Complete 
| 112|0x0000000710800000, 0x0000000710a00000, 0x0000000710a00000|100%|HC|  |TAMS 0x0000000710800000| PB 0x0000000710800000| Complete 
| 113|0x0000000710a00000, 0x0000000710c00000, 0x0000000710c00000|100%|HC|  |TAMS 0x0000000710a00000| PB 0x0000000710a00000| Complete 
| 114|0x0000000710c00000, 0x0000000710e00000, 0x0000000710e00000|100%|HS|  |TAMS 0x0000000710c00000| PB 0x0000000710c00000| Complete 
| 115|0x0000000710e00000, 0x0000000711000000, 0x0000000711000000|100%|HC|  |TAMS 0x0000000710e00000| PB 0x0000000710e00000| Complete 
| 116|0x0000000711000000, 0x0000000711200000, 0x0000000711200000|100%|HC|  |TAMS 0x0000000711000000| PB 0x0000000711000000| Complete 
| 117|0x0000000711200000, 0x0000000711304010, 0x0000000711400000| 50%| E|  |TAMS 0x0000000711200000| PB 0x0000000711200000| Complete 
| 118|0x0000000711400000, 0x0000000711600000, 0x0000000711600000|100%| E|CS|TAMS 0x0000000711400000| PB 0x0000000711400000| Complete 
| 119|0x0000000711600000, 0x0000000711800000, 0x0000000711800000|100%| E|CS|TAMS 0x0000000711600000| PB 0x0000000711600000| Complete 
| 120|0x0000000711800000, 0x0000000711a00000, 0x0000000711a00000|100%| E|CS|TAMS 0x0000000711800000| PB 0x0000000711800000| Complete 
| 121|0x0000000711a00000, 0x0000000711c00000, 0x0000000711c00000|100%| E|CS|TAMS 0x0000000711a00000| PB 0x0000000711a00000| Complete 
| 122|0x0000000711c00000, 0x0000000711c73c88, 0x0000000711e00000| 22%| S|CS|TAMS 0x0000000711c00000| PB 0x0000000711c00000| Complete 
| 123|0x0000000711e00000, 0x0000000712000000, 0x0000000712000000|100%| S|CS|TAMS 0x0000000711e00000| PB 0x0000000711e00000| Complete 
| 124|0x0000000712000000, 0x0000000712200000, 0x0000000712200000|100%| E|CS|TAMS 0x0000000712000000| PB 0x0000000712000000| Complete 
| 125|0x0000000712200000, 0x0000000712400000, 0x0000000712400000|100%| E|CS|TAMS 0x0000000712200000| PB 0x0000000712200000| Complete 
| 126|0x0000000712400000, 0x0000000712600000, 0x0000000712600000|100%| E|CS|TAMS 0x0000000712400000| PB 0x0000000712400000| Complete 
| 127|0x0000000712600000, 0x0000000712600000, 0x0000000712800000|  0%| F|  |TAMS 0x0000000712600000| PB 0x0000000712600000| Untracked 
| 128|0x0000000712800000, 0x0000000712800000, 0x0000000712a00000|  0%| F|  |TAMS 0x0000000712800000| PB 0x0000000712800000| Untracked 

Card table byte_map: [0x0000021d7b4c0000,0x0000021d7bcb0000] _byte_map_base: 0x0000021d77cac000

Marking Bits: (CMBitMap*) 0x0000021d7231ff20
 Bits: [0x0000021d7bcb0000, 0x0000021d7fc10000)

Polling page: 0x0000021d70280000

Metaspace:

Usage:
  Non-class:     10.95 MB used.
      Class:      1.91 MB used.
       Both:     12.86 MB used.

Virtual space:
  Non-class space:       64.00 MB reserved,      11.06 MB ( 17%) committed,  1 nodes.
      Class space:        1.00 GB reserved,       2.06 MB ( <1%) committed,  1 nodes.
             Both:        1.06 GB reserved,      13.12 MB (  1%) committed. 

Chunk freelists:
   Non-Class:  3.83 MB
       Class:  13.98 MB
        Both:  17.81 MB

MaxMetaspaceSize: unlimited
CompressedClassSpaceSize: 1.00 GB
Initial GC threshold: 21.00 MB
Current GC threshold: 21.00 MB
CDS: on
 - commit_granule_bytes: 65536.
 - commit_granule_words: 8192.
 - virtual_space_node_default_size: 8388608.
 - enlarge_chunks_in_place: 1.
 - use_allocation_guard: 0.


Internal statistics:

num_allocs_failed_limit: 0.
num_arena_births: 256.
num_arena_deaths: 0.
num_vsnodes_births: 2.
num_vsnodes_deaths: 0.
num_space_committed: 210.
num_space_uncommitted: 0.
num_chunks_returned_to_freelist: 0.
num_chunks_taken_from_freelist: 719.
num_chunk_merges: 0.
num_chunk_splits: 487.
num_chunks_enlarged: 352.
num_inconsistent_stats: 0.

CodeHeap 'non-profiled nmethods': size=120000Kb used=1052Kb max_used=1052Kb free=118948Kb
 bounds [0x0000021d07ad0000, 0x0000021d07d40000, 0x0000021d0f000000]
CodeHeap 'profiled nmethods': size=120000Kb used=3814Kb max_used=3814Kb free=116185Kb
 bounds [0x0000021d00000000, 0x0000021d003c0000, 0x0000021d07530000]
CodeHeap 'non-nmethods': size=5760Kb used=1770Kb max_used=1785Kb free=3989Kb
 bounds [0x0000021d07530000, 0x0000021d077a0000, 0x0000021d07ad0000]
 total_blobs=2855 nmethods=2061 adapters=698
 compilation: enabled
              stopped_count=0, restarted_count=0
 full_count=0

Compilation events (20 events):
Event: 5.155 Thread 0x0000021d117312a0 2345       3       com.sun.javafx.tk.quantum.QuantumToolkit::getMultiClickMaxX (4 bytes)
Event: 5.155 Thread 0x0000021d117312a0 nmethod 2345 0x0000021d003b3190 code [0x0000021d003b3360, 0x0000021d003b3620]
Event: 5.155 Thread 0x0000021d117312a0 2346       3       com.sun.glass.ui.View::getMultiClickMaxX (10 bytes)
Event: 5.156 Thread 0x0000021d117312a0 nmethod 2346 0x0000021d003b3790 code [0x0000021d003b3980, 0x0000021d003b3de8]
Event: 5.156 Thread 0x0000021d117312a0 2347       3       com.sun.glass.ui.win.WinApplication::staticView_getMultiClickMaxX (4 bytes)
Event: 5.156 Thread 0x0000021d117312a0 nmethod 2347 0x0000021d003b4010 code [0x0000021d003b41c0, 0x0000021d003b4328]
Event: 5.162 Thread 0x0000021d117312a0 2348       3       java.util.EnumMap$ValueIterator::next (50 bytes)
Event: 5.163 Thread 0x0000021d117312a0 nmethod 2348 0x0000021d003b4410 code [0x0000021d003b45e0, 0x0000021d003b49c8]
Event: 5.163 Thread 0x0000021d117312a0 2349       3       javafx.scene.Scene$ClickCounter::moved (52 bytes)
Event: 5.163 Thread 0x0000021d117312a0 nmethod 2349 0x0000021d003b4b90 code [0x0000021d003b4e00, 0x0000021d003b5688]
Event: 5.163 Thread 0x0000021d117312a0 2350       3       javafx.scene.Scene$ClickCounter::stopTimeout (20 bytes)
Event: 5.164 Thread 0x0000021d117312a0 nmethod 2350 0x0000021d003b5a90 code [0x0000021d003b5ce0, 0x0000021d003b65f8]
Event: 5.169 Thread 0x0000021d117312a0 2351       1       com.sun.glass.ui.InvokeLaterDispatcher$Future::isDone (5 bytes)
Event: 5.169 Thread 0x0000021d117312a0 nmethod 2351 0x0000021d07bd6d10 code [0x0000021d07bd6ea0, 0x0000021d07bd6f70]
Event: 5.170 Thread 0x0000021d117312a0 2352       3       com.sun.javafx.scene.input.InputEventUtils::recomputeCoordinates (220 bytes)
Event: 5.172 Thread 0x0000021d117312a0 nmethod 2352 0x0000021d003b6910 code [0x0000021d003b6c60, 0x0000021d003b8250]
Event: 5.172 Thread 0x0000021d117312a0 2353       3       com.sun.javafx.event.EventHandlerManager::dispatchBubblingEvent (41 bytes)
Event: 5.173 Thread 0x0000021d117312a0 nmethod 2353 0x0000021d003b8a10 code [0x0000021d003b8c20, 0x0000021d003b9390]
Event: 5.185 Thread 0x0000021d117312a0 2354       3       java.io.FileDescriptor::<init> (17 bytes)
Event: 5.185 Thread 0x0000021d117312a0 nmethod 2354 0x0000021d003b9590 code [0x0000021d003b9740, 0x0000021d003b98c0]

GC Heap History (10 events):
Event: 0.976 GC heap before
{Heap before GC invocations=0 (full 0):
 garbage-first heap   total 260096K, used 20480K [0x0000000702800000, 0x0000000800000000)
  region size 2048K, 11 young (22528K), 0 survivors (0K)
 Metaspace       used 4651K, committed 4864K, reserved 1114112K
  class space    used 542K, committed 640K, reserved 1048576K
}
Event: 0.979 GC heap after
{Heap after GC invocations=1 (full 0):
 garbage-first heap   total 260096K, used 2346K [0x0000000702800000, 0x0000000800000000)
  region size 2048K, 2 young (4096K), 2 survivors (4096K)
 Metaspace       used 4651K, committed 4864K, reserved 1114112K
  class space    used 542K, committed 640K, reserved 1048576K
}
Event: 2.511 GC heap before
{Heap before GC invocations=1 (full 0):
 garbage-first heap   total 260096K, used 119082K [0x0000000702800000, 0x0000000800000000)
  region size 2048K, 21 young (43008K), 2 survivors (4096K)
 Metaspace       used 10589K, committed 10816K, reserved 1114112K
  class space    used 1507K, committed 1664K, reserved 1048576K
}
Event: 2.518 GC heap after
{Heap after GC invocations=2 (full 0):
 garbage-first heap   total 260096K, used 84001K [0x0000000702800000, 0x0000000800000000)
  region size 2048K, 3 young (6144K), 3 survivors (6144K)
 Metaspace       used 10589K, committed 10816K, reserved 1114112K
  class space    used 1507K, committed 1664K, reserved 1048576K
}
Event: 3.327 GC heap before
{Heap before GC invocations=2 (full 0):
 garbage-first heap   total 260096K, used 133153K [0x0000000702800000, 0x0000000800000000)
  region size 2048K, 11 young (22528K), 3 survivors (6144K)
 Metaspace       used 11544K, committed 11840K, reserved 1114112K
  class space    used 1762K, committed 1920K, reserved 1048576K
}
Event: 3.334 GC heap after
{Heap after GC invocations=3 (full 0):
 garbage-first heap   total 260096K, used 131507K [0x0000000702800000, 0x0000000800000000)
  region size 2048K, 9 young (18432K), 9 survivors (18432K)
 Metaspace       used 11544K, committed 11840K, reserved 1114112K
  class space    used 1762K, committed 1920K, reserved 1048576K
}
Event: 3.419 GC heap before
{Heap before GC invocations=3 (full 0):
 garbage-first heap   total 260096K, used 135603K [0x0000000702800000, 0x0000000800000000)
  region size 2048K, 10 young (20480K), 9 survivors (18432K)
 Metaspace       used 11544K, committed 11840K, reserved 1114112K
  class space    used 1762K, committed 1920K, reserved 1048576K
}
Event: 3.428 GC heap after
{Heap after GC invocations=4 (full 0):
 garbage-first heap   total 260096K, used 136447K [0x0000000702800000, 0x0000000800000000)
  region size 2048K, 1 young (2048K), 1 survivors (2048K)
 Metaspace       used 11544K, committed 11840K, reserved 1114112K
  class space    used 1762K, committed 1920K, reserved 1048576K
}
Event: 3.508 GC heap before
{Heap before GC invocations=5 (full 0):
 garbage-first heap   total 260096K, used 142591K [0x0000000702800000, 0x0000000800000000)
  region size 2048K, 3 young (6144K), 1 survivors (2048K)
 Metaspace       used 11557K, committed 11840K, reserved 1114112K
  class space    used 1765K, committed 1920K, reserved 1048576K
}
Event: 3.510 GC heap after
{Heap after GC invocations=6 (full 0):
 garbage-first heap   total 260096K, used 142267K [0x0000000702800000, 0x0000000800000000)
  region size 2048K, 2 young (4096K), 2 survivors (4096K)
 Metaspace       used 11557K, committed 11840K, reserved 1114112K
  class space    used 1765K, committed 1920K, reserved 1048576K
}

Dll operation events (20 events):
Event: 0.738 Loaded shared library D:\JavaFX\javafx-sdk-22.0.1\bin\api-ms-win-crt-locale-l1-1-0.dll
Event: 0.738 Loaded shared library D:\JavaFX\javafx-sdk-22.0.1\bin\api-ms-win-crt-math-l1-1-0.dll
Event: 0.739 Loaded shared library D:\JavaFX\javafx-sdk-22.0.1\bin\api-ms-win-crt-multibyte-l1-1-0.dll
Event: 0.740 Loaded shared library D:\JavaFX\javafx-sdk-22.0.1\bin\api-ms-win-crt-private-l1-1-0.dll
Event: 0.741 Loaded shared library D:\JavaFX\javafx-sdk-22.0.1\bin\api-ms-win-crt-process-l1-1-0.dll
Event: 0.742 Loaded shared library D:\JavaFX\javafx-sdk-22.0.1\bin\api-ms-win-crt-runtime-l1-1-0.dll
Event: 0.742 Loaded shared library D:\JavaFX\javafx-sdk-22.0.1\bin\api-ms-win-crt-stdio-l1-1-0.dll
Event: 0.743 Loaded shared library D:\JavaFX\javafx-sdk-22.0.1\bin\api-ms-win-crt-string-l1-1-0.dll
Event: 0.744 Loaded shared library D:\JavaFX\javafx-sdk-22.0.1\bin\api-ms-win-crt-time-l1-1-0.dll
Event: 0.745 Loaded shared library D:\JavaFX\javafx-sdk-22.0.1\bin\api-ms-win-crt-utility-l1-1-0.dll
Event: 0.746 Loaded shared library D:\JavaFX\javafx-sdk-22.0.1\bin\ucrtbase.dll
Event: 0.747 Loaded shared library D:\JavaFX\javafx-sdk-22.0.1\bin\vcruntime140.dll
Event: 0.747 Loaded shared library D:\JavaFX\javafx-sdk-22.0.1\bin\vcruntime140_1.dll
Event: 0.748 Loaded shared library D:\JavaFX\javafx-sdk-22.0.1\bin\msvcp140.dll
Event: 0.749 Loaded shared library D:\JavaFX\javafx-sdk-22.0.1\bin\msvcp140_1.dll
Event: 0.750 Loaded shared library D:\JavaFX\javafx-sdk-22.0.1\bin\msvcp140_2.dll
Event: 0.785 Loaded shared library D:\JavaFX\javafx-sdk-22.0.1\bin\prism_d3d.dll
Event: 0.820 Loaded shared library D:\JavaFX\javafx-sdk-22.0.1\bin\glass.dll
Event: 1.008 Loaded shared library C:\Java\bin\jimage.dll
Event: 1.587 Loaded shared library D:\JavaFX\javafx-sdk-22.0.1\bin\javafx_font.dll

Deoptimization events (20 events):
Event: 4.916 Thread 0x0000021d572425f0 DEOPT PACKING pc=0x0000021d002273a7 sp=0x000000ae784fdd30
Event: 4.916 Thread 0x0000021d572425f0 DEOPT UNPACKING pc=0x0000021d07584e42 sp=0x000000ae784fd188 mode 0
Event: 4.917 Thread 0x0000021d572425f0 DEOPT PACKING pc=0x0000021d00227464 sp=0x000000ae784fdd30
Event: 4.917 Thread 0x0000021d572425f0 DEOPT UNPACKING pc=0x0000021d07584e42 sp=0x000000ae784fd198 mode 0
Event: 4.917 Thread 0x0000021d572425f0 DEOPT PACKING pc=0x0000021d00227464 sp=0x000000ae784fdd30
Event: 4.917 Thread 0x0000021d572425f0 DEOPT UNPACKING pc=0x0000021d07584e42 sp=0x000000ae784fd198 mode 0
Event: 4.918 Thread 0x0000021d572425f0 DEOPT PACKING pc=0x0000021d00227464 sp=0x000000ae784fdd30
Event: 4.918 Thread 0x0000021d572425f0 DEOPT UNPACKING pc=0x0000021d07584e42 sp=0x000000ae784fd198 mode 0
Event: 4.919 Thread 0x0000021d572425f0 DEOPT PACKING pc=0x0000021d00227464 sp=0x000000ae784fdd30
Event: 4.919 Thread 0x0000021d572425f0 DEOPT UNPACKING pc=0x0000021d07584e42 sp=0x000000ae784fd198 mode 0
Event: 4.919 Thread 0x0000021d572425f0 DEOPT PACKING pc=0x0000021d00227464 sp=0x000000ae784fdd30
Event: 4.919 Thread 0x0000021d572425f0 DEOPT UNPACKING pc=0x0000021d07584e42 sp=0x000000ae784fd198 mode 0
Event: 4.979 Thread 0x0000021d57858200 Uncommon trap: trap_request=0xffffff45 fr.pc=0x0000021d07bd1130 relative=0x0000000000000090
Event: 4.979 Thread 0x0000021d57858200 Uncommon trap: reason=unstable_if action=reinterpret pc=0x0000021d07bd1130 method=jdk.internal.misc.Unsafe.convEndian(ZI)I @ 4 c2
Event: 4.979 Thread 0x0000021d57858200 DEOPT PACKING pc=0x0000021d07bd1130 sp=0x000000ae788f9240
Event: 4.979 Thread 0x0000021d57858200 DEOPT UNPACKING pc=0x0000021d075846a2 sp=0x000000ae788f9170 mode 2
Event: 5.014 Thread 0x0000021d57858200 Uncommon trap: trap_request=0xffffffc6 fr.pc=0x0000021d07b3285c relative=0x000000000000031c
Event: 5.014 Thread 0x0000021d57858200 Uncommon trap: reason=bimorphic_or_optimized_type_check action=maybe_recompile pc=0x0000021d07b3285c method=java.util.Collections$UnmodifiableCollection$1.<init>(Ljava/util/Collections$UnmodifiableCollection;)V @ 17 c2
Event: 5.014 Thread 0x0000021d57858200 DEOPT PACKING pc=0x0000021d07b3285c sp=0x000000ae788fafb0
Event: 5.014 Thread 0x0000021d57858200 DEOPT UNPACKING pc=0x0000021d075846a2 sp=0x000000ae788faf08 mode 2

Classes loaded (20 events):
Event: 4.979 Loading class jdk/internal/icu/impl/Trie2 done
Event: 4.979 Loading class jdk/internal/icu/impl/Trie2_16 done
Event: 4.979 Loading class jdk/internal/icu/impl/Trie2$1
Event: 4.979 Loading class jdk/internal/icu/impl/Trie2$ValueMapper
Event: 4.979 Loading class jdk/internal/icu/impl/Trie2$ValueMapper done
Event: 4.979 Loading class jdk/internal/icu/impl/Trie2$1 done
Event: 4.979 Loading class jdk/internal/icu/impl/Trie2$UTrie2Header
Event: 4.980 Loading class jdk/internal/icu/impl/Trie2$UTrie2Header done
Event: 4.984 Loading class jdk/internal/icu/text/UTF16
Event: 4.984 Loading class jdk/internal/icu/text/UTF16 done
Event: 4.985 Loading class jdk/internal/icu/text/BidiLine
Event: 4.985 Loading class jdk/internal/icu/text/BidiLine done
Event: 4.989 Loading class sun/invoke/util/ValueConversions$1
Event: 4.989 Loading class sun/invoke/util/ValueConversions$1 done
Event: 4.989 Loading class java/lang/invoke/BoundMethodHandle$Species_LI
Event: 4.989 Loading class java/lang/invoke/BoundMethodHandle$Species_LI done
Event: 5.048 Loading class java/lang/Throwable$WrappedPrintStream
Event: 5.048 Loading class java/lang/Throwable$PrintStreamOrWriter
Event: 5.048 Loading class java/lang/Throwable$PrintStreamOrWriter done
Event: 5.048 Loading class java/lang/Throwable$WrappedPrintStream done

Classes unloaded (0 events):
No events

Classes redefined (0 events):
No events

Internal exceptions (20 events):
Event: 4.385 Thread 0x0000021d57858200 Exception <a 'java/io/FileNotFoundException'{0x00000007118bcfa8}> (0x00000007118bcfa8) 
thrown [s\src\hotspot\share\prims\jni.cpp, line 520]
Event: 4.424 Thread 0x0000021d57858200 Exception <a 'java/io/FileNotFoundException'{0x00000007118c70a8}> (0x00000007118c70a8) 
thrown [s\src\hotspot\share\prims\jni.cpp, line 520]
Event: 4.425 Thread 0x0000021d57858200 Exception <a 'java/io/FileNotFoundException'{0x00000007118d1b68}> (0x00000007118d1b68) 
thrown [s\src\hotspot\share\prims\jni.cpp, line 520]
Event: 4.577 Thread 0x0000021d57858200 Exception <a 'java/io/FileNotFoundException'{0x00000007118e1bf0}> (0x00000007118e1bf0) 
thrown [s\src\hotspot\share\prims\jni.cpp, line 520]
Event: 4.615 Thread 0x0000021d57858200 Exception <a 'java/io/FileNotFoundException'{0x00000007118ebcf0}> (0x00000007118ebcf0) 
thrown [s\src\hotspot\share\prims\jni.cpp, line 520]
Event: 4.615 Thread 0x0000021d57858200 Exception <a 'java/io/FileNotFoundException'{0x00000007118f67b0}> (0x00000007118f67b0) 
thrown [s\src\hotspot\share\prims\jni.cpp, line 520]
Event: 4.785 Thread 0x0000021d57858200 Exception <a 'java/io/FileNotFoundException'{0x0000000711506748}> (0x0000000711506748) 
thrown [s\src\hotspot\share\prims\jni.cpp, line 520]
Event: 4.815 Thread 0x0000021d57858200 Exception <a 'java/io/FileNotFoundException'{0x0000000711510848}> (0x0000000711510848) 
thrown [s\src\hotspot\share\prims\jni.cpp, line 520]
Event: 4.815 Thread 0x0000021d57858200 Exception <a 'java/io/FileNotFoundException'{0x000000071151b308}> (0x000000071151b308) 
thrown [s\src\hotspot\share\prims\jni.cpp, line 520]
Event: 4.924 Thread 0x0000021d57858200 Exception <a 'java/lang/NoSuchMethodError'{0x0000000711573980}: 'java.lang.Object java.lang.invoke.DirectMethodHandle$Holder.newInvokeSpecial(java.lang.Object, java.lang.Object, int, int, int, int, int, java.lang.Object)'> (0x0000000711573980) 
thrown [s\src\hotspot\share\interpreter\linkResolver.cpp, line 773]
Event: 4.926 Thread 0x0000021d57858200 Exception <a 'java/lang/NoSuchMethodError'{0x0000000711585590}: 'java.lang.Object java.lang.invoke.DirectMethodHandle$Holder.newInvokeSpecial(java.lang.Object, java.lang.Object, java.lang.Object, int, int, int, int, int)'> (0x0000000711585590) 
thrown [s\src\hotspot\share\interpreter\linkResolver.cpp, line 773]
Event: 4.927 Thread 0x0000021d57858200 Exception <a 'java/lang/NoSuchMethodError'{0x000000071158c8d0}: 'java.lang.Object java.lang.invoke.Invokers$Holder.linkToTargetMethod(java.lang.Object, java.lang.Object, int, int, int, int, int, java.lang.Object)'> (0x000000071158c8d0) 
thrown [s\src\hotspot\share\interpreter\linkResolver.cpp, line 773]
Event: 4.988 Thread 0x0000021d57858200 Exception <a 'java/lang/NoSuchMethodError'{0x0000000711222348}: 'int java.lang.invoke.DirectMethodHandle$Holder.invokeSpecial(java.lang.Object, java.lang.Object, int)'> (0x0000000711222348) 
thrown [s\src\hotspot\share\interpreter\linkResolver.cpp, line 773]
Event: 4.989 Thread 0x0000021d57858200 Exception <a 'java/lang/NoSuchMethodError'{0x0000000711229ef8}: 'int java.lang.invoke.DirectMethodHandle$Holder.invokeSpecial(java.lang.Object, java.lang.Object, java.lang.Object, int)'> (0x0000000711229ef8) 
thrown [s\src\hotspot\share\interpreter\linkResolver.cpp, line 773]
Event: 4.991 Thread 0x0000021d57858200 Exception <a 'java/lang/NoSuchMethodError'{0x000000071123c608}: 'java.lang.Object java.lang.invoke.DirectMethodHandle$Holder.invokeStatic(java.lang.Object, java.lang.Object, java.lang.Object, java.lang.Object, int)'> (0x000000071123c608) 
thrown [s\src\hotspot\share\interpreter\linkResolver.cpp, line 773]
Event: 4.992 Thread 0x0000021d57858200 Exception <a 'java/lang/NoSuchMethodError'{0x0000000711244ac0}: 'int java.lang.invoke.DirectMethodHandle$Holder.invokeSpecial(java.lang.Object, java.lang.Object, java.lang.Object)'> (0x0000000711244ac0) 
thrown [s\src\hotspot\share\interpreter\linkResolver.cpp, line 773]
Event: 5.056 Thread 0x0000021d57858200 Exception <a 'java/io/FileNotFoundException'{0x00000007112b8950}> (0x00000007112b8950) 
thrown [s\src\hotspot\share\prims\jni.cpp, line 520]
Event: 5.093 Thread 0x0000021d57858200 Exception <a 'java/io/FileNotFoundException'{0x00000007112c32e8}> (0x00000007112c32e8) 
thrown [s\src\hotspot\share\prims\jni.cpp, line 520]
Event: 5.094 Thread 0x0000021d57858200 Exception <a 'java/io/FileNotFoundException'{0x00000007112ce058}> (0x00000007112ce058) 
thrown [s\src\hotspot\share\prims\jni.cpp, line 520]
Event: 5.185 Thread 0x0000021d57858200 Exception <a 'java/io/FileNotFoundException'{0x00000007112de9b0}> (0x00000007112de9b0) 
thrown [s\src\hotspot\share\prims\jni.cpp, line 520]

ZGC Phase Switch (0 events):
No events

VM Operations (20 events):
Event: 1.595 Executing VM operation: HandshakeAllThreads (Deoptimize)
Event: 1.595 Executing VM operation: HandshakeAllThreads (Deoptimize) done
Event: 1.663 Executing VM operation: ICBufferFull
Event: 1.663 Executing VM operation: ICBufferFull done
Event: 2.511 Executing VM operation: G1CollectForAllocation (G1 Evacuation Pause)
Event: 2.518 Executing VM operation: G1CollectForAllocation (G1 Evacuation Pause) done
Event: 3.327 Executing VM operation: G1TryInitiateConcMark (G1 Humongous Allocation)
Event: 3.334 Executing VM operation: G1TryInitiateConcMark (G1 Humongous Allocation) done
Event: 3.419 Executing VM operation: G1TryInitiateConcMark (G1 Humongous Allocation)
Event: 3.428 Executing VM operation: G1TryInitiateConcMark (G1 Humongous Allocation) done
Event: 3.434 Executing VM operation: G1PauseRemark
Event: 3.435 Executing VM operation: G1PauseRemark done
Event: 3.440 Executing VM operation: G1PauseCleanup
Event: 3.440 Executing VM operation: G1PauseCleanup done
Event: 3.508 Executing VM operation: G1TryInitiateConcMark (G1 Humongous Allocation)
Event: 3.510 Executing VM operation: G1TryInitiateConcMark (G1 Humongous Allocation) done
Event: 3.519 Executing VM operation: G1PauseRemark
Event: 3.521 Executing VM operation: G1PauseRemark done
Event: 3.525 Executing VM operation: G1PauseCleanup
Event: 3.525 Executing VM operation: G1PauseCleanup done

Events (20 events):
Event: 3.521 Thread 0x0000021d116cd750 flushing nmethod 0x0000021d07b21f90
Event: 3.521 Thread 0x0000021d116cd750 flushing nmethod 0x0000021d07b21c10
Event: 3.521 Thread 0x0000021d116cd750 flushing nmethod 0x0000021d07b4a090
Event: 3.521 Thread 0x0000021d116cd750 flushing nmethod 0x0000021d07af2110
Event: 3.521 Thread 0x0000021d116cd750 flushing nmethod 0x0000021d07b28190
Event: 3.521 Thread 0x0000021d116cd750 flushing nmethod 0x0000021d07b1ef90
Event: 3.521 Thread 0x0000021d116cd750 flushing nmethod 0x0000021d07b1e110
Event: 3.521 Thread 0x0000021d116cd750 flushing nmethod 0x0000021d07af1c90
Event: 3.521 Thread 0x0000021d116cd750 flushing nmethod 0x0000021d07b1da90
Event: 3.521 Thread 0x0000021d116cd750 flushing nmethod 0x0000021d07af1210
Event: 3.521 Thread 0x0000021d116cd750 flushing nmethod 0x0000021d07af0190
Event: 3.521 Thread 0x0000021d116cd750 flushing nmethod 0x0000021d07aee190
Event: 3.521 Thread 0x0000021d116cd750 flushing nmethod 0x0000021d07adcd90
Event: 3.521 Thread 0x0000021d116cd750 flushing nmethod 0x0000021d07ae0d10
Event: 3.521 Thread 0x0000021d116cd750 flushing nmethod 0x0000021d07ae0690
Event: 3.521 Thread 0x0000021d116cd750 flushing nmethod 0x0000021d07ae4b90
Event: 3.521 Thread 0x0000021d116cd750 flushing nmethod 0x0000021d07ae2e10
Event: 3.521 Thread 0x0000021d116cd750 flushing nmethod 0x0000021d07addd10
Event: 3.521 Thread 0x0000021d116cd750 flushing nmethod 0x0000021d07adab10
Event: 4.094 Thread 0x0000021d575b38d0 Thread added: 0x0000021d575b38d0


Dynamic libraries:
0x00007ff676c40000 - 0x00007ff676c4e000 	C:\Java\bin\javaw.exe
0x00007ffd8fad0000 - 0x00007ffd8fcc8000 	C:\WINDOWS\SYSTEM32\ntdll.dll
0x00007ffd8db70000 - 0x00007ffd8dc2d000 	C:\WINDOWS\System32\KERNEL32.DLL
0x00007ffd8d320000 - 0x00007ffd8d616000 	C:\WINDOWS\System32\KERNELBASE.dll
0x00007ffd8d670000 - 0x00007ffd8d770000 	C:\WINDOWS\System32\ucrtbase.dll
0x00007ffd655c0000 - 0x00007ffd655d8000 	C:\Java\bin\jli.dll
0x00007ffd8de10000 - 0x00007ffd8dfaf000 	C:\WINDOWS\System32\USER32.dll
0x00007ffd8d260000 - 0x00007ffd8d282000 	C:\WINDOWS\System32\win32u.dll
0x00007ffd8dcb0000 - 0x00007ffd8dcdb000 	C:\WINDOWS\System32\GDI32.dll
0x00007ffd8d9f0000 - 0x00007ffd8db07000 	C:\WINDOWS\System32\gdi32full.dll
0x00007ffd8d1c0000 - 0x00007ffd8d25d000 	C:\WINDOWS\System32\msvcp_win.dll
0x00007ffd655e0000 - 0x00007ffd655fb000 	C:\Java\bin\VCRUNTIME140.dll
0x00007ffd82a60000 - 0x00007ffd82cfa000 	C:\WINDOWS\WinSxS\amd64_microsoft.windows.common-controls_6595b64144ccf1df_6.0.19041.4355_none_60b8b9eb71f62e16\COMCTL32.dll
0x00007ffd8e0d0000 - 0x00007ffd8e16e000 	C:\WINDOWS\System32\msvcrt.dll
0x00007ffd8f820000 - 0x00007ffd8f84f000 	C:\WINDOWS\System32\IMM32.DLL
0x00007ffd83de0000 - 0x00007ffd83dec000 	C:\Java\bin\vcruntime140_1.dll
0x00007ffd51fb0000 - 0x00007ffd5203e000 	C:\Java\bin\msvcp140.dll
0x00007ffccc940000 - 0x00007ffccd6c3000 	C:\Java\bin\server\jvm.dll
0x00007ffd8f5b0000 - 0x00007ffd8f660000 	C:\WINDOWS\System32\ADVAPI32.dll
0x00007ffd8f6d0000 - 0x00007ffd8f770000 	C:\WINDOWS\System32\sechost.dll
0x00007ffd8e940000 - 0x00007ffd8ea63000 	C:\WINDOWS\System32\RPCRT4.dll
0x00007ffd8d190000 - 0x00007ffd8d1b7000 	C:\WINDOWS\System32\bcrypt.dll
0x00007ffd8f660000 - 0x00007ffd8f6cb000 	C:\WINDOWS\System32\WS2_32.dll
0x00007ffd8c710000 - 0x00007ffd8c75b000 	C:\WINDOWS\SYSTEM32\POWRPROF.dll
0x00007ffd80d40000 - 0x00007ffd80d67000 	C:\WINDOWS\SYSTEM32\WINMM.dll
0x00007ffd8bed0000 - 0x00007ffd8beda000 	C:\WINDOWS\SYSTEM32\VERSION.dll
0x00007ffd8c580000 - 0x00007ffd8c592000 	C:\WINDOWS\SYSTEM32\UMPDC.dll
0x00007ffd8be20000 - 0x00007ffd8be32000 	C:\WINDOWS\SYSTEM32\kernel.appcore.dll
0x00007ffd87300000 - 0x00007ffd8730a000 	C:\Java\bin\jimage.dll
0x00007ffd8ac90000 - 0x00007ffd8ae74000 	C:\WINDOWS\SYSTEM32\DBGHELP.DLL
0x00007ffd768c0000 - 0x00007ffd768f4000 	C:\WINDOWS\SYSTEM32\dbgcore.DLL
0x00007ffd8d290000 - 0x00007ffd8d312000 	C:\WINDOWS\System32\bcryptPrimitives.dll
0x00007ffd69850000 - 0x00007ffd6986f000 	C:\Java\bin\java.dll
0x00007ffd8e1d0000 - 0x00007ffd8e93a000 	C:\WINDOWS\System32\SHELL32.dll
0x00007ffd8ae80000 - 0x00007ffd8b61d000 	C:\WINDOWS\SYSTEM32\windows.storage.dll
0x00007ffd8eee0000 - 0x00007ffd8f233000 	C:\WINDOWS\System32\combase.dll
0x00007ffd8cbb0000 - 0x00007ffd8cbde000 	C:\WINDOWS\SYSTEM32\Wldp.dll
0x00007ffd8f850000 - 0x00007ffd8f91d000 	C:\WINDOWS\System32\OLEAUT32.dll
0x00007ffd8f2c0000 - 0x00007ffd8f36d000 	C:\WINDOWS\System32\SHCORE.dll
0x00007ffd8f550000 - 0x00007ffd8f5a5000 	C:\WINDOWS\System32\shlwapi.dll
0x00007ffd8d0c0000 - 0x00007ffd8d0e4000 	C:\WINDOWS\SYSTEM32\profapi.dll
0x00007ffd692e0000 - 0x00007ffd693b7000 	C:\Java\bin\jsvml.dll
0x00007ffd83fa0000 - 0x00007ffd83fb0000 	C:\Java\bin\net.dll
0x00007ffd852d0000 - 0x00007ffd853da000 	C:\WINDOWS\SYSTEM32\WINHTTP.dll
0x00007ffd8c910000 - 0x00007ffd8c97a000 	C:\WINDOWS\system32\mswsock.dll
0x00007ffd69830000 - 0x00007ffd69846000 	C:\Java\bin\nio.dll
0x00007ffd69810000 - 0x00007ffd69828000 	C:\Java\bin\zip.dll
0x0000021d11c60000 - 0x0000021d11c63000 	D:\JavaFX\javafx-sdk-22.0.1\bin\api-ms-win-core-console-l1-1-0.dll
0x0000021d11c70000 - 0x0000021d11c73000 	D:\JavaFX\javafx-sdk-22.0.1\bin\api-ms-win-core-console-l1-2-0.dll
0x0000021d11c80000 - 0x0000021d11c83000 	D:\JavaFX\javafx-sdk-22.0.1\bin\api-ms-win-core-datetime-l1-1-0.dll
0x0000021d11c90000 - 0x0000021d11c93000 	D:\JavaFX\javafx-sdk-22.0.1\bin\api-ms-win-core-debug-l1-1-0.dll
0x0000021d11ca0000 - 0x0000021d11ca3000 	D:\JavaFX\javafx-sdk-22.0.1\bin\api-ms-win-core-errorhandling-l1-1-0.dll
0x0000021d11cb0000 - 0x0000021d11cb4000 	D:\JavaFX\javafx-sdk-22.0.1\bin\api-ms-win-core-file-l1-1-0.dll
0x0000021d11cc0000 - 0x0000021d11cc3000 	D:\JavaFX\javafx-sdk-22.0.1\bin\api-ms-win-core-file-l1-2-0.dll
0x0000021d11cd0000 - 0x0000021d11cd3000 	D:\JavaFX\javafx-sdk-22.0.1\bin\api-ms-win-core-file-l2-1-0.dll
0x0000021d11ce0000 - 0x0000021d11ce3000 	D:\JavaFX\javafx-sdk-22.0.1\bin\api-ms-win-core-handle-l1-1-0.dll
0x0000021d11cf0000 - 0x0000021d11cf3000 	D:\JavaFX\javafx-sdk-22.0.1\bin\api-ms-win-core-heap-l1-1-0.dll
0x0000021d11d00000 - 0x0000021d11d03000 	D:\JavaFX\javafx-sdk-22.0.1\bin\api-ms-win-core-interlocked-l1-1-0.dll
0x0000021d11d10000 - 0x0000021d11d13000 	D:\JavaFX\javafx-sdk-22.0.1\bin\api-ms-win-core-libraryloader-l1-1-0.dll
0x0000021d11d20000 - 0x0000021d11d23000 	D:\JavaFX\javafx-sdk-22.0.1\bin\api-ms-win-core-localization-l1-2-0.dll
0x0000021d11d30000 - 0x0000021d11d33000 	D:\JavaFX\javafx-sdk-22.0.1\bin\api-ms-win-core-memory-l1-1-0.dll
0x0000021d11d40000 - 0x0000021d11d43000 	D:\JavaFX\javafx-sdk-22.0.1\bin\api-ms-win-core-namedpipe-l1-1-0.dll
0x0000021d11d50000 - 0x0000021d11d53000 	D:\JavaFX\javafx-sdk-22.0.1\bin\api-ms-win-core-processenvironment-l1-1-0.dll
0x0000021d11d60000 - 0x0000021d11d63000 	D:\JavaFX\javafx-sdk-22.0.1\bin\api-ms-win-core-processthreads-l1-1-0.dll
0x0000021d11d70000 - 0x0000021d11d73000 	D:\JavaFX\javafx-sdk-22.0.1\bin\api-ms-win-core-processthreads-l1-1-1.dll
0x0000021d11d80000 - 0x0000021d11d83000 	D:\JavaFX\javafx-sdk-22.0.1\bin\api-ms-win-core-profile-l1-1-0.dll
0x0000021d11d90000 - 0x0000021d11d93000 	D:\JavaFX\javafx-sdk-22.0.1\bin\api-ms-win-core-rtlsupport-l1-1-0.dll
0x0000021d11da0000 - 0x0000021d11da3000 	D:\JavaFX\javafx-sdk-22.0.1\bin\api-ms-win-core-string-l1-1-0.dll
0x0000021d11db0000 - 0x0000021d11db3000 	D:\JavaFX\javafx-sdk-22.0.1\bin\api-ms-win-core-synch-l1-1-0.dll
0x0000021d11dc0000 - 0x0000021d11dc3000 	D:\JavaFX\javafx-sdk-22.0.1\bin\api-ms-win-core-synch-l1-2-0.dll
0x0000021d11dd0000 - 0x0000021d11dd3000 	D:\JavaFX\javafx-sdk-22.0.1\bin\api-ms-win-core-sysinfo-l1-1-0.dll
0x0000021d11de0000 - 0x0000021d11de3000 	D:\JavaFX\javafx-sdk-22.0.1\bin\api-ms-win-core-timezone-l1-1-0.dll
0x0000021d11df0000 - 0x0000021d11df3000 	D:\JavaFX\javafx-sdk-22.0.1\bin\api-ms-win-core-util-l1-1-0.dll
0x0000021d11e00000 - 0x0000021d11e03000 	D:\JavaFX\javafx-sdk-22.0.1\bin\api-ms-win-crt-conio-l1-1-0.dll
0x0000021d11e10000 - 0x0000021d11e14000 	D:\JavaFX\javafx-sdk-22.0.1\bin\api-ms-win-crt-convert-l1-1-0.dll
0x0000021d11e20000 - 0x0000021d11e23000 	D:\JavaFX\javafx-sdk-22.0.1\bin\api-ms-win-crt-environment-l1-1-0.dll
0x0000021d11e30000 - 0x0000021d11e33000 	D:\JavaFX\javafx-sdk-22.0.1\bin\api-ms-win-crt-filesystem-l1-1-0.dll
0x0000021d11e40000 - 0x0000021d11e43000 	D:\JavaFX\javafx-sdk-22.0.1\bin\api-ms-win-crt-heap-l1-1-0.dll
0x0000021d11e50000 - 0x0000021d11e53000 	D:\JavaFX\javafx-sdk-22.0.1\bin\api-ms-win-crt-locale-l1-1-0.dll
0x0000021d11e60000 - 0x0000021d11e65000 	D:\JavaFX\javafx-sdk-22.0.1\bin\api-ms-win-crt-math-l1-1-0.dll
0x0000021d11e70000 - 0x0000021d11e75000 	D:\JavaFX\javafx-sdk-22.0.1\bin\api-ms-win-crt-multibyte-l1-1-0.dll
0x0000021d11e80000 - 0x0000021d11e90000 	D:\JavaFX\javafx-sdk-22.0.1\bin\api-ms-win-crt-private-l1-1-0.dll
0x0000021d11e90000 - 0x0000021d11e93000 	D:\JavaFX\javafx-sdk-22.0.1\bin\api-ms-win-crt-process-l1-1-0.dll
0x0000021d11ea0000 - 0x0000021d11ea4000 	D:\JavaFX\javafx-sdk-22.0.1\bin\api-ms-win-crt-runtime-l1-1-0.dll
0x0000021d11eb0000 - 0x0000021d11eb4000 	D:\JavaFX\javafx-sdk-22.0.1\bin\api-ms-win-crt-stdio-l1-1-0.dll
0x0000021d11ec0000 - 0x0000021d11ec4000 	D:\JavaFX\javafx-sdk-22.0.1\bin\api-ms-win-crt-string-l1-1-0.dll
0x0000021d11ed0000 - 0x0000021d11ed3000 	D:\JavaFX\javafx-sdk-22.0.1\bin\api-ms-win-crt-time-l1-1-0.dll
0x0000021d11ee0000 - 0x0000021d11ee3000 	D:\JavaFX\javafx-sdk-22.0.1\bin\api-ms-win-crt-utility-l1-1-0.dll
0x00007ffd23820000 - 0x00007ffd2391c000 	D:\JavaFX\javafx-sdk-22.0.1\bin\ucrtbase.dll
0x00007ffd655a0000 - 0x00007ffd655bb000 	D:\JavaFX\javafx-sdk-22.0.1\bin\vcruntime140.dll
0x00007ffd79ef0000 - 0x00007ffd79efc000 	D:\JavaFX\javafx-sdk-22.0.1\bin\vcruntime140_1.dll
0x00007ffd2e210000 - 0x00007ffd2e29e000 	D:\JavaFX\javafx-sdk-22.0.1\bin\msvcp140.dll
0x00007ffd69a10000 - 0x00007ffd69a19000 	D:\JavaFX\javafx-sdk-22.0.1\bin\msvcp140_1.dll
0x00007ffd64de0000 - 0x00007ffd64e21000 	D:\JavaFX\javafx-sdk-22.0.1\bin\msvcp140_2.dll
0x00007ffd65150000 - 0x00007ffd65180000 	D:\JavaFX\javafx-sdk-22.0.1\bin\prism_d3d.dll
0x00007ffcf60e0000 - 0x00007ffcf62ae000 	C:\WINDOWS\system32\d3d9.dll
0x00007ffd8a8c0000 - 0x00007ffd8a8ef000 	C:\WINDOWS\SYSTEM32\dwmapi.dll
0x00007ffd8a350000 - 0x00007ffd8a3ee000 	C:\WINDOWS\system32\uxtheme.dll
0x00007ffd542e0000 - 0x00007ffd54445000 	C:\WINDOWS\System32\DriverStore\FileRepository\iigd_dch.inf_amd64_4de65d949492707a\igdumdim64.dll
0x00007ffd8dce0000 - 0x00007ffd8de0b000 	C:\WINDOWS\System32\ole32.dll
0x00007ffcb2930000 - 0x00007ffcb65bb000 	C:\WINDOWS\System32\DriverStore\FileRepository\iigd_dch.inf_amd64_4de65d949492707a\igd9dxva64.dll
0x00007ffd8ea70000 - 0x00007ffd8eede000 	C:\WINDOWS\System32\SETUPAPI.dll
0x00007ffd8d620000 - 0x00007ffd8d66e000 	C:\WINDOWS\System32\cfgmgr32.dll
0x00007ffd7d320000 - 0x00007ffd7d656000 	C:\WINDOWS\System32\DriverStore\FileRepository\iigd_dch.inf_amd64_4de65d949492707a\igdgmm64.dll
0x00007ffd52ab0000 - 0x00007ffd52af5000 	D:\JavaFX\javafx-sdk-22.0.1\bin\glass.dll
0x00007ffd8f9b0000 - 0x00007ffd8fa8a000 	C:\WINDOWS\System32\COMDLG32.dll
0x00007ffd8dfb0000 - 0x00007ffd8e0c4000 	C:\WINDOWS\System32\MSCTF.dll
0x00007ffd83c60000 - 0x00007ffd83c87000 	C:\WINDOWS\System32\DriverStore\FileRepository\iigd_dch.inf_amd64_4de65d949492707a\igdinfo64.dll
0x00007ffd7a420000 - 0x00007ffd7d1af000 	C:\WINDOWS\System32\DriverStore\FileRepository\iigd_dch.inf_amd64_4de65d949492707a\igc64.dll
0x00007ffd7eeb0000 - 0x00007ffd7eeeb000 	C:\WINDOWS\SYSTEM32\dxcore.dll
0x00007ffd8f770000 - 0x00007ffd8f819000 	C:\WINDOWS\System32\clbcatq.dll
0x00007ffd835c0000 - 0x00007ffd836ff000 	C:\Windows\System32\Windows.UI.dll
0x00007ffd831e0000 - 0x00007ffd832d9000 	C:\Windows\System32\TextInputFramework.dll
0x00007ffd832e0000 - 0x00007ffd83381000 	C:\Windows\System32\WindowManagementAPI.dll
0x00007ffd83080000 - 0x00007ffd831d2000 	C:\Windows\System32\InputHost.dll
0x00007ffd89b40000 - 0x00007ffd89e9b000 	C:\Windows\System32\CoreUIComponents.dll
0x00007ffd89ea0000 - 0x00007ffd89f92000 	C:\Windows\System32\CoreMessaging.dll
0x00007ffd89470000 - 0x00007ffd895c7000 	C:\WINDOWS\SYSTEM32\wintypes.dll
0x00007ffd874b0000 - 0x00007ffd876b3000 	C:\WINDOWS\SYSTEM32\twinapi.appcore.dll
0x00007ffd8a680000 - 0x00007ffd8a776000 	C:\Windows\System32\PROPSYS.dll
0x00007ffd8c2e0000 - 0x00007ffd8c313000 	C:\WINDOWS\SYSTEM32\ntmarta.dll
0x00007ffd7f1c0000 - 0x00007ffd7f2f8000 	C:\Windows\System32\Windows.UI.Immersive.dll
0x00007ffd652f0000 - 0x00007ffd65305000 	D:\JavaFX\javafx-sdk-22.0.1\bin\javafx_font.dll
0x00007ffd72da0000 - 0x00007ffd7301f000 	C:\WINDOWS\SYSTEM32\dwrite.dll
0x00007ffd82e30000 - 0x00007ffd82fe4000 	C:\WINDOWS\SYSTEM32\WindowsCodecs.dll
0x00007ffd752f0000 - 0x00007ffd7532e000 	C:\WINDOWS\system32\dataexchange.dll
0x00007ffd88790000 - 0x00007ffd889f3000 	C:\WINDOWS\system32\d3d11.dll
0x00007ffd895d0000 - 0x00007ffd897b5000 	C:\WINDOWS\system32\dcomp.dll

dbghelp: loaded successfully - version: 4.0.5 - missing functions: none
symbol engine: initialized successfully - sym options: 0x614 - pdb path: .;C:\Java\bin;C:\WINDOWS\SYSTEM32;C:\WINDOWS\WinSxS\amd64_microsoft.windows.common-controls_6595b64144ccf1df_6.0.19041.4355_none_60b8b9eb71f62e16;C:\Java\bin\server;D:\JavaFX\javafx-sdk-22.0.1\bin;C:\WINDOWS\System32\DriverStore\FileRepository\iigd_dch.inf_amd64_4de65d949492707a;C:\Program Files\Common Files\Microsoft Shared\Ink

VM Arguments:
jvm_args: --module-path=D:\JavaFX\javafx-sdk-22.0.1\lib --add-modules=javafx.controls,javafx.fxml -Dfile.encoding=UTF-8 -Dstdout.encoding=UTF-8 -Dstderr.encoding=UTF-8 --module-path=D:\JavaFX\javafx-sdk-22.0.1\lib\javafx.base.jar;D:\JavaFX\javafx-sdk-22.0.1\lib\javafx.controls.jar;D:\JavaFX\javafx-sdk-22.0.1\lib\javafx.fxml.jar;D:\JavaFX\javafx-sdk-22.0.1\lib\javafx.graphics.jar;D:\JavaFX\javafx-sdk-22.0.1\lib\javafx.media.jar;D:\JavaFX\javafx-sdk-22.0.1\lib\javafx.swing.jar;D:\JavaFX\javafx-sdk-22.0.1\lib\javafx.web.jar;D:\JavaFX\javafx-sdk-22.0.1\lib\javafx-swt.jar -XX:+ShowCodeDetailsInExceptionMessages 
java_command: Menu
java_class_path (initial): H:\Mandarin Square Capturing\New folder (2)\OOP-labs\src
Launcher Type: SUN_STANDARD

[Global flags]
     intx CICompilerCount                          = 4                                         {product} {ergonomic}
     uint ConcGCThreads                            = 2                                         {product} {ergonomic}
     uint G1ConcRefinementThreads                  = 8                                         {product} {ergonomic}
   size_t G1HeapRegionSize                         = 2097152                                   {product} {ergonomic}
    uintx GCDrainStackTargetSize                   = 64                                        {product} {ergonomic}
   size_t InitialHeapSize                          = 266338304                                 {product} {ergonomic}
   size_t MarkStackSize                            = 4194304                                   {product} {ergonomic}
   size_t MaxHeapSize                              = 4253024256                                {product} {ergonomic}
   size_t MaxNewSize                               = 2550136832                                {product} {ergonomic}
   size_t MinHeapDeltaBytes                        = 2097152                                   {product} {ergonomic}
   size_t MinHeapSize                              = 8388608                                   {product} {ergonomic}
    uintx NonNMethodCodeHeapSize                   = 5839372                                {pd product} {ergonomic}
    uintx NonProfiledCodeHeapSize                  = 122909434                              {pd product} {ergonomic}
    uintx ProfiledCodeHeapSize                     = 122909434                              {pd product} {ergonomic}
    uintx ReservedCodeCacheSize                    = 251658240                              {pd product} {ergonomic}
     bool SegmentedCodeCache                       = true                                      {product} {ergonomic}
     bool ShowCodeDetailsInExceptionMessages       = true                                   {manageable} {command line}
   size_t SoftMaxHeapSize                          = 4253024256                             {manageable} {ergonomic}
     bool UseCompressedOops                        = true                           {product lp64_product} {ergonomic}
     bool UseG1GC                                  = true                                      {product} {ergonomic}
     bool UseLargePagesIndividualAllocation        = false                                  {pd product} {ergonomic}

Logging:
Log output configuration:
 #0: stdout all=warning uptime,level,tags foldmultilines=false
 #1: stderr all=off uptime,level,tags foldmultilines=false

Environment Variables:
JAVA_HOME=C:\Java\
PATH=C:/Java/bin/server;C:/Java/bin;C:\Java\bin;C:\MinGW\bin;C:\WINDOWS\system32;C:\WINDOWS;C:\WINDOWS\System32\Wbem;C:\WINDOWS\System32\WindowsPowerShell\v1.0\;C:\WINDOWS\System32\OpenSSH\;C:\Program Files\dotnet\;C:\Program Files\Git\cmd;C:\Program Files (x86)\Intel\Intel(R) Management Engine Components\DAL;C:\Program Files\Intel\Intel(R) Management Engine Components\DAL;C:\Program Files (x86)\Microsoft SQL Server\160\Tools\Binn\;C:\Program Files\Microsoft SQL Server\160\Tools\Binn\;C:\Program Files\Microsoft SQL Server\Client SDK\ODBC\170\Tools\Binn\;C:\Program Files\Microsoft SQL Server\160\DTS\Binn\;C:\Program Files\Azure Data Studio\bin;E:\nodejs\;C:\Users\nhhoa\AppData\Local\Programs\Python\Python312\Scripts\;C:\Users\nhhoa\AppData\Local\Programs\Python\Python312\;C:\Users\nhhoa\AppData\Local\Microsoft\WindowsApps;C:\Users\nhhoa\AppData\Local\Programs\Microsoft VS Code\bin;C:\Program Files\Azure Data Studio\bin;C:\Users\nhhoa\AppData\Roaming\npm;C:\Users\nhhoa\AppData\Local\Programs\Azure Dev CLI\;C:\Users\nhhoa\AppData\Local\GitHubDesktop\bin;C:\WINDOWS\system32;
USERNAME=nhhoa
OS=Windows_NT
PROCESSOR_IDENTIFIER=Intel64 Family 6 Model 142 Stepping 10, GenuineIntel
TMP=C:\Users\nhhoa\AppData\Local\Temp
TEMP=C:\Users\nhhoa\AppData\Local\Temp




Periodic native trim disabled

---------------  S Y S T E M  ---------------

OS:
 Windows 10 , 64 bit Build 19041 (10.0.19041.3636)
OS uptime: 0 days 6:34 hours

CPU: total 8 (initial active 8) (4 cores per cpu, 2 threads per core) family 6 model 142 stepping 10 microcode 0xec, cx8, cmov, fxsr, ht, mmx, 3dnowpref, sse, sse2, sse3, ssse3, sse4.1, sse4.2, popcnt, lzcnt, tsc, tscinvbit, avx, avx2, aes, erms, clmul, bmi1, bmi2, adx, fma, vzeroupper, clflush, clflushopt, rdtscp, f16c
Processor Information for all 8 processors :
  Max Mhz: 2001, Current Mhz: 2001, Mhz Limit: 2001

Memory: 4k page, system-wide physical 16217M (3448M free)
TotalPageFile size 32420M (AvailPageFile size 9M)
current process WorkingSet (physical memory assigned to process): 514M, peak: 519M
current process commit charge ("private bytes"): 574M, peak: 580M

vm_info: OpenJDK 64-Bit Server VM (21.0.2+13-LTS) for windows-amd64 JRE (21.0.2+13-LTS), built on 2024-01-16T00:00:00Z by "admin" with unknown MS VC++:1937

END.
