#
# There is insufficient memory for the Java Runtime Environment to continue.
# Native memory allocation (mmap) failed to map 266338304 bytes for G1 virtual space
# Possible reasons:
#   The system is out of physical RAM or swap space
#   The process is running with CompressedOops enabled, and the Java Heap may be blocking the growth of the native heap
# Possible solutions:
#   Reduce memory load on the system
#   Increase physical memory or swap space
#   Check if swap backing store is full
#   Decrease Java heap size (-Xmx/-Xms)
#   Decrease number of Java threads
#   Decrease Java thread stack sizes (-Xss)
#   Set larger code cache with -XX:ReservedCodeCacheSize=
#   JVM is running with Zero Based Compressed Oops mode in which the Java heap is
#     placed in the first 32GB address space. The Java Heap base address is the
#     maximum limit for the native heap growth. Please use -XX:HeapBaseMinAddress
#     to set the Java Heap base and to place the Java Heap above 32GB virtual address.
# This output file may be truncated or incomplete.
#
#  Out of Memory Error (os_windows.cpp:3600), pid=13072, tid=22792
#
# JRE version:  (21.0.2+13) (build )
# Java VM: OpenJDK 64-Bit Server VM (21.0.2+13-LTS, mixed mode, sharing, tiered, compressed oops, compressed class ptrs, g1 gc, windows-amd64)
# No core dump will be written. Minidumps are not enabled by default on client versions of Windows
#

---------------  S U M M A R Y ------------

Command Line: --module-path=D:\JavaFX\javafx-sdk-22.0.1\lib --add-modules=javafx.controls,javafx.fxml -Dfile.encoding=UTF-8 -Dstdout.encoding=UTF-8 -Dstderr.encoding=UTF-8 --module-path=D:\JavaFX\javafx-sdk-22.0.1\lib\javafx.base.jar;D:\JavaFX\javafx-sdk-22.0.1\lib\javafx.controls.jar;D:\JavaFX\javafx-sdk-22.0.1\lib\javafx.fxml.jar;D:\JavaFX\javafx-sdk-22.0.1\lib\javafx.graphics.jar;D:\JavaFX\javafx-sdk-22.0.1\lib\javafx.media.jar;D:\JavaFX\javafx-sdk-22.0.1\lib\javafx.swing.jar;D:\JavaFX\javafx-sdk-22.0.1\lib\javafx.web.jar;D:\JavaFX\javafx-sdk-22.0.1\lib\javafx-swt.jar -XX:+ShowCodeDetailsInExceptionMessages Menu

Host: Intel(R) Core(TM) i7-8550U CPU @ 1.80GHz, 8 cores, 15G,  Windows 10 , 64 bit Build 19041 (10.0.19041.3636)
Time: Sat Jun  8 17:15:39 2024 SE Asia Standard Time elapsed time: 0.020123 seconds (0d 0h 0m 0s)

---------------  T H R E A D  ---------------

Current thread (0x000001ad5160aee0):  JavaThread "Unknown thread" [_thread_in_vm, id=22792, stack(0x0000005c95400000,0x0000005c95500000) (1024K)]

Stack: [0x0000005c95400000,0x0000005c95500000]
Native frames: (J=compiled Java code, j=interpreted, Vv=VM code, C=native code)
V  [jvm.dll+0x6c94f9]
V  [jvm.dll+0x8a3c21]
V  [jvm.dll+0x8a614e]
V  [jvm.dll+0x8a6823]
V  [jvm.dll+0x27fa86]
V  [jvm.dll+0x6c5c75]
V  [jvm.dll+0x6ba96a]
V  [jvm.dll+0x35398a]
V  [jvm.dll+0x35b536]
V  [jvm.dll+0x3ac6be]
V  [jvm.dll+0x3ac968]
V  [jvm.dll+0x327bcc]
V  [jvm.dll+0x32872b]
V  [jvm.dll+0x86ccf9]
V  [jvm.dll+0x3b96c1]
V  [jvm.dll+0x854ec8]
V  [jvm.dll+0x44d44e]
V  [jvm.dll+0x44eed1]
C  [jli.dll+0x5278]
C  [ucrtbase.dll+0x21bb2]
C  [KERNEL32.DLL+0x17344]
C  [ntdll.dll+0x526b1]


---------------  P R O C E S S  ---------------

Threads class SMR info:
_java_thread_list=0x00007ff8a553f088, length=0, elements={
}

Java Threads: ( => current thread )
Total: 0

Other Threads:
  0x000001ad5176f9e0 WorkerThread "GC Thread#0"                     [id=29820, stack(0x0000005c95500000,0x0000005c95600000) (1024K)]
  0x000001ad517820a0 ConcurrentGCThread "G1 Main Marker"            [id=12620, stack(0x0000005c95600000,0x0000005c95700000) (1024K)]
  0x000001ad51782ba0 WorkerThread "G1 Conc#0"                       [id=22004, stack(0x0000005c95700000,0x0000005c95800000) (1024K)]

[error occurred during error reporting (printing all threads), id 0xc0000005, EXCEPTION_ACCESS_VIOLATION (0xc0000005) at pc=0x00007ff8a4c4a4f7]
VM state: not at safepoint (not fully initialized)

VM Mutex/Monitor currently owned by a thread:  ([mutex/lock_event])
[0x00007ff8a55b3298] Heap_lock - owner thread: 0x000001ad5160aee0

Heap address: 0x0000000702800000, size: 4056 MB, Compressed Oops mode: Zero based, Oop shift amount: 3

CDS archive(s) mapped at: [0x0000000000000000-0x0000000000000000-0x0000000000000000), size 0, SharedBaseAddress: 0x0000000800000000, ArchiveRelocationMode: 1.
Narrow klass base: 0x0000000000000000, Narrow klass shift: 0, Narrow klass range: 0x0

GC Precious Log:
 CardTable entry size: 512
 Card Set container configuration: InlinePtr #cards 4 size 8 Array Of Cards #cards 16 size 48 Howl #buckets 8 coarsen threshold 3686 Howl Bitmap #cards 512 size 80 coarsen threshold 460 Card regions per heap region 1 cards per card region 4096

Heap:
 garbage-first heap   total 0K, used 0K [0x0000000702800000, 0x0000000800000000)
  region size 2048K, 0 young (0K), 0 survivors (0K)

[error occurred during error reporting (printing heap information), id 0xc0000005, EXCEPTION_ACCESS_VIOLATION (0xc0000005) at pc=0x00007ff8a50323c9]
GC Heap History (0 events):
No events

Dll operation events (1 events):
Event: 0.013 Loaded shared library C:\Java\bin\java.dll

Deoptimization events (0 events):
No events

Classes loaded (0 events):
No events

Classes unloaded (0 events):
No events

Classes redefined (0 events):
No events

Internal exceptions (0 events):
No events

ZGC Phase Switch (0 events):
No events

VM Operations (0 events):
No events

Events (0 events):
No events


Dynamic libraries:
0x00007ff79d4a0000 - 0x00007ff79d4ae000 	C:\Java\bin\javaw.exe
0x00007ff99f890000 - 0x00007ff99fa88000 	C:\WINDOWS\SYSTEM32\ntdll.dll
0x00007ff99da50000 - 0x00007ff99db0d000 	C:\WINDOWS\System32\KERNEL32.DLL
0x00007ff99cf50000 - 0x00007ff99d246000 	C:\WINDOWS\System32\KERNELBASE.dll
0x00007ff99d400000 - 0x00007ff99d500000 	C:\WINDOWS\System32\ucrtbase.dll
0x00007ff95a120000 - 0x00007ff95a138000 	C:\Java\bin\jli.dll
0x00007ff95b210000 - 0x00007ff95b22b000 	C:\Java\bin\VCRUNTIME140.dll
0x00007ff99dd40000 - 0x00007ff99dedf000 	C:\WINDOWS\System32\USER32.dll
0x00007ff99d8a0000 - 0x00007ff99d8c2000 	C:\WINDOWS\System32\win32u.dll
0x00007ff992f70000 - 0x00007ff99320a000 	C:\WINDOWS\WinSxS\amd64_microsoft.windows.common-controls_6595b64144ccf1df_6.0.19041.4355_none_60b8b9eb71f62e16\COMCTL32.dll
0x00007ff99e260000 - 0x00007ff99e28b000 	C:\WINDOWS\System32\GDI32.dll
0x00007ff99f7b0000 - 0x00007ff99f84e000 	C:\WINDOWS\System32\msvcrt.dll
0x00007ff99d2e0000 - 0x00007ff99d3f7000 	C:\WINDOWS\System32\gdi32full.dll
0x00007ff99d5b0000 - 0x00007ff99d64d000 	C:\WINDOWS\System32\msvcp_win.dll
0x00007ff99dba0000 - 0x00007ff99dbcf000 	C:\WINDOWS\System32\IMM32.DLL
0x00007ff95a720000 - 0x00007ff95a72c000 	C:\Java\bin\vcruntime140_1.dll
0x00007ff947590000 - 0x00007ff94761e000 	C:\Java\bin\msvcp140.dll
0x00007ff8a4910000 - 0x00007ff8a5693000 	C:\Java\bin\server\jvm.dll
0x00007ff99e290000 - 0x00007ff99e340000 	C:\WINDOWS\System32\ADVAPI32.dll
0x00007ff99dc30000 - 0x00007ff99dcd0000 	C:\WINDOWS\System32\sechost.dll
0x00007ff99f680000 - 0x00007ff99f7a3000 	C:\WINDOWS\System32\RPCRT4.dll
0x00007ff99d650000 - 0x00007ff99d677000 	C:\WINDOWS\System32\bcrypt.dll
0x00007ff99e3c0000 - 0x00007ff99e42b000 	C:\WINDOWS\System32\WS2_32.dll
0x00007ff99c4d0000 - 0x00007ff99c51b000 	C:\WINDOWS\SYSTEM32\POWRPROF.dll
0x00007ff9923c0000 - 0x00007ff9923e7000 	C:\WINDOWS\SYSTEM32\WINMM.dll
0x00007ff99bc80000 - 0x00007ff99bc8a000 	C:\WINDOWS\SYSTEM32\VERSION.dll
0x00007ff99c340000 - 0x00007ff99c352000 	C:\WINDOWS\SYSTEM32\UMPDC.dll
0x00007ff99bbe0000 - 0x00007ff99bbf2000 	C:\WINDOWS\SYSTEM32\kernel.appcore.dll
0x00007ff95b3d0000 - 0x00007ff95b3da000 	C:\Java\bin\jimage.dll
0x00007ff99b230000 - 0x00007ff99b414000 	C:\WINDOWS\SYSTEM32\DBGHELP.DLL
0x00007ff9922b0000 - 0x00007ff9922e4000 	C:\WINDOWS\SYSTEM32\dbgcore.DLL
0x00007ff99d250000 - 0x00007ff99d2d2000 	C:\WINDOWS\System32\bcryptPrimitives.dll
0x00007ff95b0d0000 - 0x00007ff95b0ef000 	C:\Java\bin\java.dll

dbghelp: loaded successfully - version: 4.0.5 - missing functions: none
symbol engine: initialized successfully - sym options: 0x614 - pdb path: .;C:\Java\bin;C:\WINDOWS\SYSTEM32;C:\WINDOWS\WinSxS\amd64_microsoft.windows.common-controls_6595b64144ccf1df_6.0.19041.4355_none_60b8b9eb71f62e16;C:\Java\bin\server

VM Arguments:
jvm_args: --module-path=D:\JavaFX\javafx-sdk-22.0.1\lib --add-modules=javafx.controls,javafx.fxml -Dfile.encoding=UTF-8 -Dstdout.encoding=UTF-8 -Dstderr.encoding=UTF-8 --module-path=D:\JavaFX\javafx-sdk-22.0.1\lib\javafx.base.jar;D:\JavaFX\javafx-sdk-22.0.1\lib\javafx.controls.jar;D:\JavaFX\javafx-sdk-22.0.1\lib\javafx.fxml.jar;D:\JavaFX\javafx-sdk-22.0.1\lib\javafx.graphics.jar;D:\JavaFX\javafx-sdk-22.0.1\lib\javafx.media.jar;D:\JavaFX\javafx-sdk-22.0.1\lib\javafx.swing.jar;D:\JavaFX\javafx-sdk-22.0.1\lib\javafx.web.jar;D:\JavaFX\javafx-sdk-22.0.1\lib\javafx-swt.jar -XX:+ShowCodeDetailsInExceptionMessages 
java_command: Menu
java_class_path (initial): H:\Mandarin Square Capturing\OOP-labs\src
Launcher Type: SUN_STANDARD

[Global flags]
     intx CICompilerCount                          = 4                                         {product} {ergonomic}
     uint ConcGCThreads                            = 2                                         {product} {ergonomic}
     uint G1ConcRefinementThreads                  = 8                                         {product} {ergonomic}
   size_t G1HeapRegionSize                         = 2097152                                   {product} {ergonomic}
    uintx GCDrainStackTargetSize                   = 64                                        {product} {ergonomic}
   size_t InitialHeapSize                          = 266338304                                 {product} {ergonomic}
   size_t MarkStackSize                            = 4194304                                   {product} {ergonomic}
   size_t MaxHeapSize                              = 4253024256                                {product} {ergonomic}
   size_t MinHeapDeltaBytes                        = 2097152                                   {product} {ergonomic}
   size_t MinHeapSize                              = 8388608                                   {product} {ergonomic}
    uintx NonNMethodCodeHeapSize                   = 5839372                                {pd product} {ergonomic}
    uintx NonProfiledCodeHeapSize                  = 122909434                              {pd product} {ergonomic}
    uintx ProfiledCodeHeapSize                     = 122909434                              {pd product} {ergonomic}
    uintx ReservedCodeCacheSize                    = 251658240                              {pd product} {ergonomic}
     bool SegmentedCodeCache                       = true                                      {product} {ergonomic}
     bool ShowCodeDetailsInExceptionMessages       = true                                   {manageable} {command line}
   size_t SoftMaxHeapSize                          = 4253024256                             {manageable} {ergonomic}
     bool UseCompressedOops                        = true                           {product lp64_product} {ergonomic}
     bool UseG1GC                                  = true                                      {product} {ergonomic}
     bool UseLargePagesIndividualAllocation        = false                                  {pd product} {ergonomic}

Logging:
Log output configuration:
 #0: stdout all=warning uptime,level,tags foldmultilines=false
 #1: stderr all=off uptime,level,tags foldmultilines=false

Environment Variables:
JAVA_HOME=C:\Java\
PATH=C:/Java/bin/server;C:/Java/bin;C:\Java\bin;C:\MinGW\bin;C:\WINDOWS\system32;C:\WINDOWS;C:\WINDOWS\System32\Wbem;C:\WINDOWS\System32\WindowsPowerShell\v1.0\;C:\WINDOWS\System32\OpenSSH\;C:\Program Files\dotnet\;C:\Program Files\Git\cmd;C:\Program Files (x86)\Intel\Intel(R) Management Engine Components\DAL;C:\Program Files\Intel\Intel(R) Management Engine Components\DAL;C:\Program Files (x86)\Microsoft SQL Server\160\Tools\Binn\;C:\Program Files\Microsoft SQL Server\160\Tools\Binn\;C:\Program Files\Microsoft SQL Server\Client SDK\ODBC\170\Tools\Binn\;C:\Program Files\Microsoft SQL Server\160\DTS\Binn\;C:\Program Files\Azure Data Studio\bin;E:\nodejs\;C:\Users\nhhoa\AppData\Local\Programs\Python\Python312\Scripts\;C:\Users\nhhoa\AppData\Local\Programs\Python\Python312\;C:\Users\nhhoa\AppData\Local\Microsoft\WindowsApps;C:\Users\nhhoa\AppData\Local\Programs\Microsoft VS Code\bin;C:\Program Files\Azure Data Studio\bin;C:\Users\nhhoa\AppData\Roaming\npm;C:\Users\nhhoa\AppData\Local\Programs\Azure Dev CLI\;C:\Users\nhhoa\AppData\Local\GitHubDesktop\bin;C:\WINDOWS\system32;
USERNAME=nhhoa
OS=Windows_NT
PROCESSOR_IDENTIFIER=Intel64 Family 6 Model 142 Stepping 10, GenuineIntel
TMP=C:\Users\nhhoa\AppData\Local\Temp
TEMP=C:\Users\nhhoa\AppData\Local\Temp




Periodic native trim disabled

---------------  S Y S T E M  ---------------

OS:
 Windows 10 , 64 bit Build 19041 (10.0.19041.3636)
OS uptime: 0 days 4:40 hours

CPU: total 8 (initial active 8) (4 cores per cpu, 2 threads per core) family 6 model 142 stepping 10 microcode 0xec, cx8, cmov, fxsr, ht, mmx, 3dnowpref, sse, sse2, sse3, ssse3, sse4.1, sse4.2, popcnt, lzcnt, tsc, tscinvbit, avx, avx2, aes, erms, clmul, bmi1, bmi2, adx, fma, vzeroupper, clflush, clflushopt, rdtscp, f16c
Processor Information for all 8 processors :
  Max Mhz: 2001, Current Mhz: 2001, Mhz Limit: 2001

Memory: 4k page, system-wide physical 16217M (3089M free)
TotalPageFile size 32420M (AvailPageFile size 194M)
current process WorkingSet (physical memory assigned to process): 10M, peak: 10M
current process commit charge ("private bytes"): 60M, peak: 314M

vm_info: OpenJDK 64-Bit Server VM (21.0.2+13-LTS) for windows-amd64 JRE (21.0.2+13-LTS), built on 2024-01-16T00:00:00Z by "admin" with unknown MS VC++:1937

END.
